#
# There is insufficient memory for the Java Runtime Environment to continue.
# Native memory allocation (malloc) failed to allocate 32744 bytes for Chunk::new
# Possible reasons:
#   The system is out of physical RAM or swap space
#   The process is running with CompressedOops enabled, and the Java Heap may be blocking the growth of the native heap
# Possible solutions:
#   Reduce memory load on the system
#   Increase physical memory or swap space
#   Check if swap backing store is full
#   Decrease Java heap size (-Xmx/-Xms)
#   Decrease number of Java threads
#   Decrease Java thread stack sizes (-Xss)
#   Set larger code cache with -XX:ReservedCodeCacheSize=
#   JVM is running with Unscaled Compressed Oops mode in which the Java heap is
#     placed in the first 4GB address space. The Java Heap base address is the
#     maximum limit for the native heap growth. Please use -XX:HeapBaseMinAddress
#     to set the Java Heap base and to place the Java Heap above 4GB virtual address.
# This output file may be truncated or incomplete.
#
#  Out of Memory Error (arena.cpp:168), pid=15332, tid=22096
#
# JRE version: Java(TM) SE Runtime Environment (21.0.4+8) (build 21.0.4+8-LTS-274)
# Java VM: Java HotSpot(TM) 64-Bit Server VM (21.0.4+8-LTS-274, mixed mode, sharing, tiered, compressed oops, compressed class ptrs, g1 gc, windows-amd64)
# No core dump will be written. Minidumps are not enabled by default on client versions of Windows
#

---------------  S U M M A R Y ------------

Command Line: C:\Users\ricar\AppData\Local\Temp\surefire3336560768652972398\surefirebooter-20241006214521672_3.jar C:\Users\ricar\AppData\Local\Temp\surefire3336560768652972398 2024-10-06T21-45-21_008-jvmRun1 surefire-20241006214521672_1tmp surefire_0-20241006214521672_2tmp

Host: AMD Ryzen 5 5500U with Radeon Graphics         , 12 cores, 5G,  Windows 11 , 64 bit Build 22621 (10.0.22621.3958)
Time: Sun Oct  6 21:45:21 2024 Hora oficial do Brasil elapsed time: 0.120024 seconds (0d 0h 0m 0s)

---------------  T H R E A D  ---------------

Current thread (0x00000201f3697410):  JavaThread "C2 CompilerThread0" daemon [_thread_in_native, id=22096, stack(0x000000503c400000,0x000000503c500000) (1024K)]


Current CompileTask:
C2:    120  186 %     4       java.util.Properties$LineReader::readLine @ 224 (584 bytes)

Stack: [0x000000503c400000,0x000000503c500000]
Native frames: (J=compiled Java code, j=interpreted, Vv=VM code, C=native code)
V  [jvm.dll+0x6c8e59]
V  [jvm.dll+0x853181]
V  [jvm.dll+0x8556ae]
V  [jvm.dll+0x855d83]
V  [jvm.dll+0x27d526]
V  [jvm.dll+0xc4aad]
V  [jvm.dll+0xc4fe3]
V  [jvm.dll+0x6f45aa]
V  [jvm.dll+0x1df506]
V  [jvm.dll+0x2463d2]
V  [jvm.dll+0x24585f]
V  [jvm.dll+0x1c69de]
V  [jvm.dll+0x254d49]
V  [jvm.dll+0x2532da]
V  [jvm.dll+0x3ed426]
V  [jvm.dll+0x7fd65b]
V  [jvm.dll+0x6c753d]
C  [ucrtbase.dll+0x29333]
C  [KERNEL32.DLL+0x1257d]
C  [ntdll.dll+0x5af28]


---------------  P R O C E S S  ---------------

Threads class SMR info:
_java_thread_list=0x00000201f394f380, length=11, elements={
0x00000201d50dd410, 0x00000201f368fdc0, 0x00000201f3690820, 0x00000201f3691280,
0x00000201f3692e20, 0x00000201f36939b0, 0x00000201f3694410, 0x00000201f3697410,
0x00000201f36a0010, 0x00000201f397a7e0, 0x00000201f3981030
}

Java Threads: ( => current thread )
  0x00000201d50dd410 JavaThread "main"                              [_thread_in_native, id=22112, stack(0x000000503b600000,0x000000503b700000) (1024K)]
  0x00000201f368fdc0 JavaThread "Reference Handler"          daemon [_thread_blocked, id=21168, stack(0x000000503be00000,0x000000503bf00000) (1024K)]
  0x00000201f3690820 JavaThread "Finalizer"                  daemon [_thread_blocked, id=16780, stack(0x000000503bf00000,0x000000503c000000) (1024K)]
  0x00000201f3691280 JavaThread "Signal Dispatcher"          daemon [_thread_blocked, id=15484, stack(0x000000503c000000,0x000000503c100000) (1024K)]
  0x00000201f3692e20 JavaThread "Attach Listener"            daemon [_thread_blocked, id=19780, stack(0x000000503c100000,0x000000503c200000) (1024K)]
  0x00000201f36939b0 JavaThread "Service Thread"             daemon [_thread_blocked, id=5136, stack(0x000000503c200000,0x000000503c300000) (1024K)]
  0x00000201f3694410 JavaThread "Monitor Deflation Thread"   daemon [_thread_blocked, id=21916, stack(0x000000503c300000,0x000000503c400000) (1024K)]
=>0x00000201f3697410 JavaThread "C2 CompilerThread0"         daemon [_thread_in_native, id=22096, stack(0x000000503c400000,0x000000503c500000) (1024K)]
  0x00000201f36a0010 JavaThread "C1 CompilerThread0"         daemon [_thread_blocked, id=21060, stack(0x000000503c500000,0x000000503c600000) (1024K)]
  0x00000201f397a7e0 JavaThread "Notification Thread"        daemon [_thread_blocked, id=15788, stack(0x000000503c600000,0x000000503c700000) (1024K)]
  0x00000201f3981030 JavaThread "Common-Cleaner"             daemon [_thread_blocked, id=21396, stack(0x000000503c700000,0x000000503c800000) (1024K)]
Total: 11

Other Threads:
  0x00000201f3674430 VMThread "VM Thread"                           [id=20156, stack(0x000000503bd00000,0x000000503be00000) (1024K)]
  0x00000201f365ad70 WatcherThread "VM Periodic Task Thread"        [id=21852, stack(0x000000503bc00000,0x000000503bd00000) (1024K)]
  0x00000201d540fba0 WorkerThread "GC Thread#0"                     [id=21280, stack(0x000000503b700000,0x000000503b800000) (1024K)]
  0x00000201d541cdd0 ConcurrentGCThread "G1 Main Marker"            [id=15376, stack(0x000000503b800000,0x000000503b900000) (1024K)]
  0x00000201d541d980 WorkerThread "G1 Conc#0"                       [id=13352, stack(0x000000503b900000,0x000000503ba00000) (1024K)]
  0x00000201f35310b0 ConcurrentGCThread "G1 Refine#0"               [id=3776, stack(0x000000503ba00000,0x000000503bb00000) (1024K)]
  0x00000201f3531b20 ConcurrentGCThread "G1 Service"                [id=14724, stack(0x000000503bb00000,0x000000503bc00000) (1024K)]
Total: 7

Threads with active compile tasks:
C2 CompilerThread0      147  186 %     4       java.util.Properties$LineReader::readLine @ 224 (584 bytes)
Total: 1

VM state: not at safepoint (normal execution)

VM Mutex/Monitor currently owned by a thread: None

Heap address: 0x00000000a2600000, size: 1498 MB, Compressed Oops mode: 32-bit

CDS archive(s) mapped at: [0x0000020180000000-0x0000020180c90000-0x0000020180c90000), size 13172736, SharedBaseAddress: 0x0000020180000000, ArchiveRelocationMode: 1.
Compressed class space mapped at: 0x0000020181000000-0x00000201c1000000, reserved size: 1073741824
Narrow klass base: 0x0000020180000000, Narrow klass shift: 0, Narrow klass range: 0x100000000

GC Precious Log:
 CardTable entry size: 512
 Card Set container configuration: InlinePtr #cards 5 size 8 Array Of Cards #cards 12 size 40 Howl #buckets 4 coarsen threshold 1843 Howl Bitmap #cards 512 size 80 coarsen threshold 460 Card regions per heap region 1 cards per card region 2048
 CPUs: 12 total, 12 available
 Memory: 5989M
 Large Page Support: Disabled
 NUMA Support: Disabled
 Compressed Oops: Enabled (32-bit)
 Heap Region Size: 1M
 Heap Min Capacity: 8M
 Heap Initial Capacity: 94M
 Heap Max Capacity: 1498M
 Pre-touch: Disabled
 Parallel Workers: 10
 Concurrent Workers: 3
 Concurrent Refinement Workers: 10
 Periodic GC: Disabled

Heap:
 garbage-first heap   total 96256K, used 3072K [0x00000000a2600000, 0x0000000100000000)
  region size 1024K, 4 young (4096K), 0 survivors (0K)
 Metaspace       used 838K, committed 960K, reserved 1114112K
  class space    used 78K, committed 128K, reserved 1048576K

Heap Regions: E=young(eden), S=young(survivor), O=old, HS=humongous(starts), HC=humongous(continues), CS=collection set, F=free, TAMS=top-at-mark-start, PB=parsable bottom
|   0|0x00000000a2600000, 0x00000000a2600000, 0x00000000a2700000|  0%| F|  |TAMS 0x00000000a2600000| PB 0x00000000a2600000| Untracked 
|   1|0x00000000a2700000, 0x00000000a2700000, 0x00000000a2800000|  0%| F|  |TAMS 0x00000000a2700000| PB 0x00000000a2700000| Untracked 
|   2|0x00000000a2800000, 0x00000000a2800000, 0x00000000a2900000|  0%| F|  |TAMS 0x00000000a2800000| PB 0x00000000a2800000| Untracked 
|   3|0x00000000a2900000, 0x00000000a2900000, 0x00000000a2a00000|  0%| F|  |TAMS 0x00000000a2900000| PB 0x00000000a2900000| Untracked 
|   4|0x00000000a2a00000, 0x00000000a2a00000, 0x00000000a2b00000|  0%| F|  |TAMS 0x00000000a2a00000| PB 0x00000000a2a00000| Untracked 
|   5|0x00000000a2b00000, 0x00000000a2b00000, 0x00000000a2c00000|  0%| F|  |TAMS 0x00000000a2b00000| PB 0x00000000a2b00000| Untracked 
|   6|0x00000000a2c00000, 0x00000000a2c00000, 0x00000000a2d00000|  0%| F|  |TAMS 0x00000000a2c00000| PB 0x00000000a2c00000| Untracked 
|   7|0x00000000a2d00000, 0x00000000a2d00000, 0x00000000a2e00000|  0%| F|  |TAMS 0x00000000a2d00000| PB 0x00000000a2d00000| Untracked 
|   8|0x00000000a2e00000, 0x00000000a2e00000, 0x00000000a2f00000|  0%| F|  |TAMS 0x00000000a2e00000| PB 0x00000000a2e00000| Untracked 
|   9|0x00000000a2f00000, 0x00000000a2f00000, 0x00000000a3000000|  0%| F|  |TAMS 0x00000000a2f00000| PB 0x00000000a2f00000| Untracked 
|  10|0x00000000a3000000, 0x00000000a3000000, 0x00000000a3100000|  0%| F|  |TAMS 0x00000000a3000000| PB 0x00000000a3000000| Untracked 
|  11|0x00000000a3100000, 0x00000000a3100000, 0x00000000a3200000|  0%| F|  |TAMS 0x00000000a3100000| PB 0x00000000a3100000| Untracked 
|  12|0x00000000a3200000, 0x00000000a3200000, 0x00000000a3300000|  0%| F|  |TAMS 0x00000000a3200000| PB 0x00000000a3200000| Untracked 
|  13|0x00000000a3300000, 0x00000000a3300000, 0x00000000a3400000|  0%| F|  |TAMS 0x00000000a3300000| PB 0x00000000a3300000| Untracked 
|  14|0x00000000a3400000, 0x00000000a3400000, 0x00000000a3500000|  0%| F|  |TAMS 0x00000000a3400000| PB 0x00000000a3400000| Untracked 
|  15|0x00000000a3500000, 0x00000000a3500000, 0x00000000a3600000|  0%| F|  |TAMS 0x00000000a3500000| PB 0x00000000a3500000| Untracked 
|  16|0x00000000a3600000, 0x00000000a3600000, 0x00000000a3700000|  0%| F|  |TAMS 0x00000000a3600000| PB 0x00000000a3600000| Untracked 
|  17|0x00000000a3700000, 0x00000000a3700000, 0x00000000a3800000|  0%| F|  |TAMS 0x00000000a3700000| PB 0x00000000a3700000| Untracked 
|  18|0x00000000a3800000, 0x00000000a3800000, 0x00000000a3900000|  0%| F|  |TAMS 0x00000000a3800000| PB 0x00000000a3800000| Untracked 
|  19|0x00000000a3900000, 0x00000000a3900000, 0x00000000a3a00000|  0%| F|  |TAMS 0x00000000a3900000| PB 0x00000000a3900000| Untracked 
|  20|0x00000000a3a00000, 0x00000000a3a00000, 0x00000000a3b00000|  0%| F|  |TAMS 0x00000000a3a00000| PB 0x00000000a3a00000| Untracked 
|  21|0x00000000a3b00000, 0x00000000a3b00000, 0x00000000a3c00000|  0%| F|  |TAMS 0x00000000a3b00000| PB 0x00000000a3b00000| Untracked 
|  22|0x00000000a3c00000, 0x00000000a3c00000, 0x00000000a3d00000|  0%| F|  |TAMS 0x00000000a3c00000| PB 0x00000000a3c00000| Untracked 
|  23|0x00000000a3d00000, 0x00000000a3d00000, 0x00000000a3e00000|  0%| F|  |TAMS 0x00000000a3d00000| PB 0x00000000a3d00000| Untracked 
|  24|0x00000000a3e00000, 0x00000000a3e00000, 0x00000000a3f00000|  0%| F|  |TAMS 0x00000000a3e00000| PB 0x00000000a3e00000| Untracked 
|  25|0x00000000a3f00000, 0x00000000a3f00000, 0x00000000a4000000|  0%| F|  |TAMS 0x00000000a3f00000| PB 0x00000000a3f00000| Untracked 
|  26|0x00000000a4000000, 0x00000000a4000000, 0x00000000a4100000|  0%| F|  |TAMS 0x00000000a4000000| PB 0x00000000a4000000| Untracked 
|  27|0x00000000a4100000, 0x00000000a4100000, 0x00000000a4200000|  0%| F|  |TAMS 0x00000000a4100000| PB 0x00000000a4100000| Untracked 
|  28|0x00000000a4200000, 0x00000000a4200000, 0x00000000a4300000|  0%| F|  |TAMS 0x00000000a4200000| PB 0x00000000a4200000| Untracked 
|  29|0x00000000a4300000, 0x00000000a4300000, 0x00000000a4400000|  0%| F|  |TAMS 0x00000000a4300000| PB 0x00000000a4300000| Untracked 
|  30|0x00000000a4400000, 0x00000000a4400000, 0x00000000a4500000|  0%| F|  |TAMS 0x00000000a4400000| PB 0x00000000a4400000| Untracked 
|  31|0x00000000a4500000, 0x00000000a4500000, 0x00000000a4600000|  0%| F|  |TAMS 0x00000000a4500000| PB 0x00000000a4500000| Untracked 
|  32|0x00000000a4600000, 0x00000000a4600000, 0x00000000a4700000|  0%| F|  |TAMS 0x00000000a4600000| PB 0x00000000a4600000| Untracked 
|  33|0x00000000a4700000, 0x00000000a4700000, 0x00000000a4800000|  0%| F|  |TAMS 0x00000000a4700000| PB 0x00000000a4700000| Untracked 
|  34|0x00000000a4800000, 0x00000000a4800000, 0x00000000a4900000|  0%| F|  |TAMS 0x00000000a4800000| PB 0x00000000a4800000| Untracked 
|  35|0x00000000a4900000, 0x00000000a4900000, 0x00000000a4a00000|  0%| F|  |TAMS 0x00000000a4900000| PB 0x00000000a4900000| Untracked 
|  36|0x00000000a4a00000, 0x00000000a4a00000, 0x00000000a4b00000|  0%| F|  |TAMS 0x00000000a4a00000| PB 0x00000000a4a00000| Untracked 
|  37|0x00000000a4b00000, 0x00000000a4b00000, 0x00000000a4c00000|  0%| F|  |TAMS 0x00000000a4b00000| PB 0x00000000a4b00000| Untracked 
|  38|0x00000000a4c00000, 0x00000000a4c00000, 0x00000000a4d00000|  0%| F|  |TAMS 0x00000000a4c00000| PB 0x00000000a4c00000| Untracked 
|  39|0x00000000a4d00000, 0x00000000a4d00000, 0x00000000a4e00000|  0%| F|  |TAMS 0x00000000a4d00000| PB 0x00000000a4d00000| Untracked 
|  40|0x00000000a4e00000, 0x00000000a4e00000, 0x00000000a4f00000|  0%| F|  |TAMS 0x00000000a4e00000| PB 0x00000000a4e00000| Untracked 
|  41|0x00000000a4f00000, 0x00000000a4f00000, 0x00000000a5000000|  0%| F|  |TAMS 0x00000000a4f00000| PB 0x00000000a4f00000| Untracked 
|  42|0x00000000a5000000, 0x00000000a5000000, 0x00000000a5100000|  0%| F|  |TAMS 0x00000000a5000000| PB 0x00000000a5000000| Untracked 
|  43|0x00000000a5100000, 0x00000000a5100000, 0x00000000a5200000|  0%| F|  |TAMS 0x00000000a5100000| PB 0x00000000a5100000| Untracked 
|  44|0x00000000a5200000, 0x00000000a5200000, 0x00000000a5300000|  0%| F|  |TAMS 0x00000000a5200000| PB 0x00000000a5200000| Untracked 
|  45|0x00000000a5300000, 0x00000000a5300000, 0x00000000a5400000|  0%| F|  |TAMS 0x00000000a5300000| PB 0x00000000a5300000| Untracked 
|  46|0x00000000a5400000, 0x00000000a5400000, 0x00000000a5500000|  0%| F|  |TAMS 0x00000000a5400000| PB 0x00000000a5400000| Untracked 
|  47|0x00000000a5500000, 0x00000000a5500000, 0x00000000a5600000|  0%| F|  |TAMS 0x00000000a5500000| PB 0x00000000a5500000| Untracked 
|  48|0x00000000a5600000, 0x00000000a5600000, 0x00000000a5700000|  0%| F|  |TAMS 0x00000000a5600000| PB 0x00000000a5600000| Untracked 
|  49|0x00000000a5700000, 0x00000000a5700000, 0x00000000a5800000|  0%| F|  |TAMS 0x00000000a5700000| PB 0x00000000a5700000| Untracked 
|  50|0x00000000a5800000, 0x00000000a5800000, 0x00000000a5900000|  0%| F|  |TAMS 0x00000000a5800000| PB 0x00000000a5800000| Untracked 
|  51|0x00000000a5900000, 0x00000000a5900000, 0x00000000a5a00000|  0%| F|  |TAMS 0x00000000a5900000| PB 0x00000000a5900000| Untracked 
|  52|0x00000000a5a00000, 0x00000000a5a00000, 0x00000000a5b00000|  0%| F|  |TAMS 0x00000000a5a00000| PB 0x00000000a5a00000| Untracked 
|  53|0x00000000a5b00000, 0x00000000a5b00000, 0x00000000a5c00000|  0%| F|  |TAMS 0x00000000a5b00000| PB 0x00000000a5b00000| Untracked 
|  54|0x00000000a5c00000, 0x00000000a5c00000, 0x00000000a5d00000|  0%| F|  |TAMS 0x00000000a5c00000| PB 0x00000000a5c00000| Untracked 
|  55|0x00000000a5d00000, 0x00000000a5d00000, 0x00000000a5e00000|  0%| F|  |TAMS 0x00000000a5d00000| PB 0x00000000a5d00000| Untracked 
|  56|0x00000000a5e00000, 0x00000000a5e00000, 0x00000000a5f00000|  0%| F|  |TAMS 0x00000000a5e00000| PB 0x00000000a5e00000| Untracked 
|  57|0x00000000a5f00000, 0x00000000a5f00000, 0x00000000a6000000|  0%| F|  |TAMS 0x00000000a5f00000| PB 0x00000000a5f00000| Untracked 
|  58|0x00000000a6000000, 0x00000000a6000000, 0x00000000a6100000|  0%| F|  |TAMS 0x00000000a6000000| PB 0x00000000a6000000| Untracked 
|  59|0x00000000a6100000, 0x00000000a6100000, 0x00000000a6200000|  0%| F|  |TAMS 0x00000000a6100000| PB 0x00000000a6100000| Untracked 
|  60|0x00000000a6200000, 0x00000000a6200000, 0x00000000a6300000|  0%| F|  |TAMS 0x00000000a6200000| PB 0x00000000a6200000| Untracked 
|  61|0x00000000a6300000, 0x00000000a6300000, 0x00000000a6400000|  0%| F|  |TAMS 0x00000000a6300000| PB 0x00000000a6300000| Untracked 
|  62|0x00000000a6400000, 0x00000000a6400000, 0x00000000a6500000|  0%| F|  |TAMS 0x00000000a6400000| PB 0x00000000a6400000| Untracked 
|  63|0x00000000a6500000, 0x00000000a6500000, 0x00000000a6600000|  0%| F|  |TAMS 0x00000000a6500000| PB 0x00000000a6500000| Untracked 
|  64|0x00000000a6600000, 0x00000000a6600000, 0x00000000a6700000|  0%| F|  |TAMS 0x00000000a6600000| PB 0x00000000a6600000| Untracked 
|  65|0x00000000a6700000, 0x00000000a6700000, 0x00000000a6800000|  0%| F|  |TAMS 0x00000000a6700000| PB 0x00000000a6700000| Untracked 
|  66|0x00000000a6800000, 0x00000000a6800000, 0x00000000a6900000|  0%| F|  |TAMS 0x00000000a6800000| PB 0x00000000a6800000| Untracked 
|  67|0x00000000a6900000, 0x00000000a6900000, 0x00000000a6a00000|  0%| F|  |TAMS 0x00000000a6900000| PB 0x00000000a6900000| Untracked 
|  68|0x00000000a6a00000, 0x00000000a6a00000, 0x00000000a6b00000|  0%| F|  |TAMS 0x00000000a6a00000| PB 0x00000000a6a00000| Untracked 
|  69|0x00000000a6b00000, 0x00000000a6b00000, 0x00000000a6c00000|  0%| F|  |TAMS 0x00000000a6b00000| PB 0x00000000a6b00000| Untracked 
|  70|0x00000000a6c00000, 0x00000000a6c00000, 0x00000000a6d00000|  0%| F|  |TAMS 0x00000000a6c00000| PB 0x00000000a6c00000| Untracked 
|  71|0x00000000a6d00000, 0x00000000a6d00000, 0x00000000a6e00000|  0%| F|  |TAMS 0x00000000a6d00000| PB 0x00000000a6d00000| Untracked 
|  72|0x00000000a6e00000, 0x00000000a6e00000, 0x00000000a6f00000|  0%| F|  |TAMS 0x00000000a6e00000| PB 0x00000000a6e00000| Untracked 
|  73|0x00000000a6f00000, 0x00000000a6f00000, 0x00000000a7000000|  0%| F|  |TAMS 0x00000000a6f00000| PB 0x00000000a6f00000| Untracked 
|  74|0x00000000a7000000, 0x00000000a7000000, 0x00000000a7100000|  0%| F|  |TAMS 0x00000000a7000000| PB 0x00000000a7000000| Untracked 
|  75|0x00000000a7100000, 0x00000000a7100000, 0x00000000a7200000|  0%| F|  |TAMS 0x00000000a7100000| PB 0x00000000a7100000| Untracked 
|  76|0x00000000a7200000, 0x00000000a7200000, 0x00000000a7300000|  0%| F|  |TAMS 0x00000000a7200000| PB 0x00000000a7200000| Untracked 
|  77|0x00000000a7300000, 0x00000000a7300000, 0x00000000a7400000|  0%| F|  |TAMS 0x00000000a7300000| PB 0x00000000a7300000| Untracked 
|  78|0x00000000a7400000, 0x00000000a7400000, 0x00000000a7500000|  0%| F|  |TAMS 0x00000000a7400000| PB 0x00000000a7400000| Untracked 
|  79|0x00000000a7500000, 0x00000000a7500000, 0x00000000a7600000|  0%| F|  |TAMS 0x00000000a7500000| PB 0x00000000a7500000| Untracked 
|  80|0x00000000a7600000, 0x00000000a7600000, 0x00000000a7700000|  0%| F|  |TAMS 0x00000000a7600000| PB 0x00000000a7600000| Untracked 
|  81|0x00000000a7700000, 0x00000000a7700000, 0x00000000a7800000|  0%| F|  |TAMS 0x00000000a7700000| PB 0x00000000a7700000| Untracked 
|  82|0x00000000a7800000, 0x00000000a7800000, 0x00000000a7900000|  0%| F|  |TAMS 0x00000000a7800000| PB 0x00000000a7800000| Untracked 
|  83|0x00000000a7900000, 0x00000000a7900000, 0x00000000a7a00000|  0%| F|  |TAMS 0x00000000a7900000| PB 0x00000000a7900000| Untracked 
|  84|0x00000000a7a00000, 0x00000000a7a00000, 0x00000000a7b00000|  0%| F|  |TAMS 0x00000000a7a00000| PB 0x00000000a7a00000| Untracked 
|  85|0x00000000a7b00000, 0x00000000a7b00000, 0x00000000a7c00000|  0%| F|  |TAMS 0x00000000a7b00000| PB 0x00000000a7b00000| Untracked 
|  86|0x00000000a7c00000, 0x00000000a7c00000, 0x00000000a7d00000|  0%| F|  |TAMS 0x00000000a7c00000| PB 0x00000000a7c00000| Untracked 
|  87|0x00000000a7d00000, 0x00000000a7d00000, 0x00000000a7e00000|  0%| F|  |TAMS 0x00000000a7d00000| PB 0x00000000a7d00000| Untracked 
|  88|0x00000000a7e00000, 0x00000000a7e00000, 0x00000000a7f00000|  0%| F|  |TAMS 0x00000000a7e00000| PB 0x00000000a7e00000| Untracked 
|  89|0x00000000a7f00000, 0x00000000a7f00000, 0x00000000a8000000|  0%| F|  |TAMS 0x00000000a7f00000| PB 0x00000000a7f00000| Untracked 
|  90|0x00000000a8000000, 0x00000000a80ee2e0, 0x00000000a8100000| 93%| E|  |TAMS 0x00000000a8000000| PB 0x00000000a8000000| Complete 
|  91|0x00000000a8100000, 0x00000000a8200000, 0x00000000a8200000|100%| E|CS|TAMS 0x00000000a8100000| PB 0x00000000a8100000| Complete 
|  92|0x00000000a8200000, 0x00000000a8300000, 0x00000000a8300000|100%| E|CS|TAMS 0x00000000a8200000| PB 0x00000000a8200000| Complete 
|  93|0x00000000a8300000, 0x00000000a8400000, 0x00000000a8400000|100%| E|CS|TAMS 0x00000000a8300000| PB 0x00000000a8300000| Complete 

Card table byte_map: [0x00000201eefa0000,0x00000201ef290000] _byte_map_base: 0x00000201eea8d000

Marking Bits: (CMBitMap*) 0x00000201d54109b0
 Bits: [0x00000201ef290000, 0x00000201f09f8000)

Polling page: 0x00000201d5490000

Metaspace:

Usage:
  Non-class:    759.73 KB used.
      Class:     78.90 KB used.
       Both:    838.63 KB used.

Virtual space:
  Non-class space:       64.00 MB reserved,     832.00 KB (  1%) committed,  1 nodes.
      Class space:        1.00 GB reserved,     128.00 KB ( <1%) committed,  1 nodes.
             Both:        1.06 GB reserved,     960.00 KB ( <1%) committed. 

Chunk freelists:
   Non-Class:  11.78 MB
       Class:  15.72 MB
        Both:  27.50 MB

MaxMetaspaceSize: unlimited
CompressedClassSpaceSize: 1.00 GB
Initial GC threshold: 21.00 MB
Current GC threshold: 21.00 MB
CDS: on
 - commit_granule_bytes: 65536.
 - commit_granule_words: 8192.
 - virtual_space_node_default_size: 8388608.
 - enlarge_chunks_in_place: 1.
 - use_allocation_guard: 0.


Internal statistics:

num_allocs_failed_limit: 0.
num_arena_births: 10.
num_arena_deaths: 0.
num_vsnodes_births: 2.
num_vsnodes_deaths: 0.
num_space_committed: 15.
num_space_uncommitted: 0.
num_chunks_returned_to_freelist: 0.
num_chunks_taken_from_freelist: 25.
num_chunk_merges: 0.
num_chunk_splits: 14.
num_chunks_enlarged: 9.
num_inconsistent_stats: 0.

CodeHeap 'non-profiled nmethods': size=120000Kb used=72Kb max_used=72Kb free=119927Kb
 bounds [0x00000201e6af0000, 0x00000201e6d60000, 0x00000201ee020000]
CodeHeap 'profiled nmethods': size=120000Kb used=337Kb max_used=337Kb free=119662Kb
 bounds [0x00000201df020000, 0x00000201df290000, 0x00000201e6550000]
CodeHeap 'non-nmethods': size=5760Kb used=1285Kb max_used=1285Kb free=4475Kb
 bounds [0x00000201e6550000, 0x00000201e67c0000, 0x00000201e6af0000]
 total_blobs=651 nmethods=250 adapters=306
 compilation: enabled
              stopped_count=0, restarted_count=0
 full_count=0

Compilation events (20 events):
Event: 0.104 Thread 0x00000201f36a0010  187       1       java.util.concurrent.ConcurrentHashMap$MapEntry::getKey (5 bytes)
Event: 0.104 Thread 0x00000201f36a0010 nmethod 187 0x00000201e6afce10 code [0x00000201e6afcfa0, 0x00000201e6afd068]
Event: 0.104 Thread 0x00000201f36a0010  188       1       java.util.concurrent.ConcurrentHashMap$MapEntry::getValue (5 bytes)
Event: 0.104 Thread 0x00000201f36a0010 nmethod 188 0x00000201e6afd110 code [0x00000201e6afd2a0, 0x00000201e6afd368]
Event: 0.104 Thread 0x00000201f36a0010  190       3       java.util.AbstractMap::<init> (5 bytes)
Event: 0.104 Thread 0x00000201f36a0010 nmethod 190 0x00000201df060710 code [0x00000201df0608a0, 0x00000201df060a08]
Event: 0.106 Thread 0x00000201f36a0010  191       1       java.lang.invoke.MemberName::getDeclaringClass (5 bytes)
Event: 0.106 Thread 0x00000201f36a0010 nmethod 191 0x00000201e6afd410 code [0x00000201e6afd5a0, 0x00000201e6afd668]
Event: 0.110 Thread 0x00000201f36a0010  194       3       java.lang.invoke.MemberName::isInvocable (8 bytes)
Event: 0.110 Thread 0x00000201f36a0010 nmethod 194 0x00000201df060b10 code [0x00000201df060ca0, 0x00000201df060e70]
Event: 0.110 Thread 0x00000201f36a0010  195       3       java.lang.invoke.MemberName::anyFlagSet (15 bytes)
Event: 0.110 Thread 0x00000201f36a0010 nmethod 195 0x00000201df060f10 code [0x00000201df0610a0, 0x00000201df061208]
Event: 0.110 Thread 0x00000201f36a0010  196       3       java.lang.invoke.MethodType::checkSlotCount (33 bytes)
Event: 0.111 Thread 0x00000201f36a0010 nmethod 196 0x00000201df061290 code [0x00000201df0614c0, 0x00000201df061ad0]
Event: 0.111 Thread 0x00000201f36a0010  197       1       java.lang.invoke.MethodType::form (5 bytes)
Event: 0.111 Thread 0x00000201f36a0010 nmethod 197 0x00000201e6afe910 code [0x00000201e6afeaa0, 0x00000201e6afeb68]
Event: 0.111 Thread 0x00000201f36a0010  199       1       java.lang.invoke.MethodType::ptypes (5 bytes)
Event: 0.111 Thread 0x00000201f36a0010 nmethod 199 0x00000201e6afec10 code [0x00000201e6afeda0, 0x00000201e6afee68]
Event: 0.111 Thread 0x00000201f36a0010  201       3       java.util.AbstractSet::<init> (5 bytes)
Event: 0.111 Thread 0x00000201f36a0010 nmethod 201 0x00000201df061d10 code [0x00000201df061ec0, 0x00000201df062088]

GC Heap History (0 events):
No events

Dll operation events (7 events):
Event: 0.006 Loaded shared library C:\Program Files\Java\jdk-21\bin\java.dll
Event: 0.033 Loaded shared library C:\Program Files\Java\jdk-21\bin\jsvml.dll
Event: 0.047 Loaded shared library C:\Program Files\Java\jdk-21\bin\net.dll
Event: 0.048 Loaded shared library C:\Program Files\Java\jdk-21\bin\nio.dll
Event: 0.051 Loaded shared library C:\Program Files\Java\jdk-21\bin\zip.dll
Event: 0.099 Loaded shared library C:\Program Files\Java\jdk-21\bin\management.dll
Event: 0.108 Loaded shared library C:\Program Files\Java\jdk-21\bin\management_ext.dll

Deoptimization events (0 events):
No events

Classes loaded (20 events):
Event: 0.112 Loading class com/sun/management/DiagnosticCommandMBean
Event: 0.112 Loading class javax/management/DynamicMBean
Event: 0.113 Loading class javax/management/DynamicMBean done
Event: 0.113 Loading class com/sun/management/DiagnosticCommandMBean done
Event: 0.113 Loading class sun/management/NotificationEmitterSupport
Event: 0.113 Loading class javax/management/NotificationEmitter
Event: 0.113 Loading class javax/management/NotificationBroadcaster
Event: 0.114 Loading class javax/management/NotificationBroadcaster done
Event: 0.114 Loading class javax/management/NotificationEmitter done
Event: 0.114 Loading class sun/management/NotificationEmitterSupport done
Event: 0.114 Loading class com/sun/management/internal/DiagnosticCommandImpl done
Event: 0.114 Loading class sun/management/ManagementFactoryHelper
Event: 0.114 Loading class sun/management/ManagementFactoryHelper done
Event: 0.114 Loading class sun/management/VMManagementImpl
Event: 0.115 Loading class sun/management/VMManagement
Event: 0.115 Loading class sun/management/VMManagement done
Event: 0.115 Loading class sun/management/VMManagementImpl done
Event: 0.115 Loading class com/sun/management/internal/PlatformMBeanProviderImpl$5
Event: 0.115 Loading class com/sun/management/internal/PlatformMBeanProviderImpl$5 done
Event: 0.115 Loading class jdk/management/jfr/internal/FlightRecorderMXBeanProvider

Classes unloaded (0 events):
No events

Classes redefined (0 events):
No events

Internal exceptions (0 events):
No events

ZGC Phase Switch (0 events):
No events

VM Operations (2 events):
Event: 0.052 Executing VM operation: HandshakeAllThreads (Deoptimize)
Event: 0.052 Executing VM operation: HandshakeAllThreads (Deoptimize) done

Events (11 events):
Event: 0.020 Thread 0x00000201d50dd410 Thread added: 0x00000201d50dd410
Event: 0.031 Thread 0x00000201f368fdc0 Thread added: 0x00000201f368fdc0
Event: 0.031 Thread 0x00000201f3690820 Thread added: 0x00000201f3690820
Event: 0.031 Thread 0x00000201f3691280 Thread added: 0x00000201f3691280
Event: 0.031 Thread 0x00000201f3692e20 Thread added: 0x00000201f3692e20
Event: 0.031 Thread 0x00000201f36939b0 Thread added: 0x00000201f36939b0
Event: 0.031 Thread 0x00000201f3694410 Thread added: 0x00000201f3694410
Event: 0.031 Thread 0x00000201f3697410 Thread added: 0x00000201f3697410
Event: 0.031 Thread 0x00000201f36a0010 Thread added: 0x00000201f36a0010
Event: 0.043 Thread 0x00000201f397a7e0 Thread added: 0x00000201f397a7e0
Event: 0.044 Thread 0x00000201f3981030 Thread added: 0x00000201f3981030


Dynamic libraries:
0x00007ff7c66c0000 - 0x00007ff7c66d0000 	C:\Program Files\Java\jdk-21\bin\java.exe
0x00007ff804190000 - 0x00007ff8043a7000 	C:\WINDOWS\SYSTEM32\ntdll.dll
0x00007ff802b80000 - 0x00007ff802c44000 	C:\WINDOWS\System32\KERNEL32.DLL
0x00007ff8014b0000 - 0x00007ff80185d000 	C:\WINDOWS\System32\KERNELBASE.dll
0x00007ff801b50000 - 0x00007ff801c61000 	C:\WINDOWS\System32\ucrtbase.dll
0x00007fffedb20000 - 0x00007fffedb3b000 	C:\Program Files\Java\jdk-21\bin\VCRUNTIME140.dll
0x00007fffe4bf0000 - 0x00007fffe4c09000 	C:\Program Files\Java\jdk-21\bin\jli.dll
0x00007ff803fe0000 - 0x00007ff804092000 	C:\WINDOWS\System32\ADVAPI32.dll
0x00007ff8020e0000 - 0x00007ff802187000 	C:\WINDOWS\System32\msvcrt.dll
0x00007ff802ed0000 - 0x00007ff802f79000 	C:\WINDOWS\System32\sechost.dll
0x00007ff801980000 - 0x00007ff8019a8000 	C:\WINDOWS\System32\bcrypt.dll
0x00007ff802a00000 - 0x00007ff802b14000 	C:\WINDOWS\System32\RPCRT4.dll
0x00007ff803690000 - 0x00007ff80383e000 	C:\WINDOWS\System32\USER32.dll
0x00007ff801b20000 - 0x00007ff801b46000 	C:\WINDOWS\System32\win32u.dll
0x00007fffea4d0000 - 0x00007fffea763000 	C:\WINDOWS\WinSxS\amd64_microsoft.windows.common-controls_6595b64144ccf1df_6.0.22621.3672_none_2713b9d173822955\COMCTL32.dll
0x00007ff802e80000 - 0x00007ff802ea9000 	C:\WINDOWS\System32\GDI32.dll
0x00007ff801c70000 - 0x00007ff801d89000 	C:\WINDOWS\System32\gdi32full.dll
0x00007ff8018e0000 - 0x00007ff80197a000 	C:\WINDOWS\System32\msvcp_win.dll
0x00007ffff98e0000 - 0x00007ffff98ea000 	C:\WINDOWS\SYSTEM32\VERSION.dll
0x00007ff803010000 - 0x00007ff803041000 	C:\WINDOWS\System32\IMM32.DLL
0x00007fffe4be0000 - 0x00007fffe4bec000 	C:\Program Files\Java\jdk-21\bin\vcruntime140_1.dll
0x00007fffcab00000 - 0x00007fffcab8e000 	C:\Program Files\Java\jdk-21\bin\msvcp140.dll
0x00007fff50be0000 - 0x00007fff518f3000 	C:\Program Files\Java\jdk-21\bin\server\jvm.dll
0x00007ff803cd0000 - 0x00007ff803d41000 	C:\WINDOWS\System32\WS2_32.dll
0x00007ffffbe70000 - 0x00007ffffbea4000 	C:\WINDOWS\SYSTEM32\WINMM.dll
0x00007ff801380000 - 0x00007ff8013cd000 	C:\WINDOWS\SYSTEM32\POWRPROF.dll
0x00007ff801360000 - 0x00007ff801373000 	C:\WINDOWS\SYSTEM32\UMPDC.dll
0x00007ff8004a0000 - 0x00007ff8004b8000 	C:\WINDOWS\SYSTEM32\kernel.appcore.dll
0x00007fffe4bd0000 - 0x00007fffe4bda000 	C:\Program Files\Java\jdk-21\bin\jimage.dll
0x00007ffffaf40000 - 0x00007ffffb172000 	C:\WINDOWS\SYSTEM32\DBGHELP.DLL
0x00007ff803840000 - 0x00007ff803bce000 	C:\WINDOWS\System32\combase.dll
0x00007ff802c50000 - 0x00007ff802d27000 	C:\WINDOWS\System32\OLEAUT32.dll
0x00007ffff9f30000 - 0x00007ffff9f62000 	C:\WINDOWS\SYSTEM32\dbgcore.DLL
0x00007ff801860000 - 0x00007ff8018db000 	C:\WINDOWS\System32\bcryptPrimitives.dll
0x00007fffcaae0000 - 0x00007fffcaaff000 	C:\Program Files\Java\jdk-21\bin\java.dll
0x00007ff802190000 - 0x00007ff8029f7000 	C:\WINDOWS\System32\SHELL32.dll
0x00007fffff420000 - 0x00007fffffd1f000 	C:\WINDOWS\SYSTEM32\windows.storage.dll
0x00007fffff2e0000 - 0x00007fffff41f000 	C:\WINDOWS\SYSTEM32\wintypes.dll
0x00007ff803bd0000 - 0x00007ff803cc9000 	C:\WINDOWS\System32\SHCORE.dll
0x00007ff8040f0000 - 0x00007ff80414e000 	C:\WINDOWS\System32\shlwapi.dll
0x00007ff8013e0000 - 0x00007ff801407000 	C:\WINDOWS\SYSTEM32\profapi.dll
0x00007fffcaa00000 - 0x00007fffcaad7000 	C:\Program Files\Java\jdk-21\bin\jsvml.dll
0x00007fffe3bd0000 - 0x00007fffe3be0000 	C:\Program Files\Java\jdk-21\bin\net.dll
0x00007ffffc4b0000 - 0x00007ffffc5e6000 	C:\WINDOWS\SYSTEM32\WINHTTP.dll
0x00007ff800970000 - 0x00007ff8009d9000 	C:\WINDOWS\system32\mswsock.dll
0x00007fffca9e0000 - 0x00007fffca9f6000 	C:\Program Files\Java\jdk-21\bin\nio.dll
0x00007fffca9c0000 - 0x00007fffca9d8000 	C:\Program Files\Java\jdk-21\bin\zip.dll
0x00007fffce4f0000 - 0x00007fffce4fa000 	C:\Program Files\Java\jdk-21\bin\management.dll
0x00007fffce440000 - 0x00007fffce44b000 	C:\Program Files\Java\jdk-21\bin\management_ext.dll
0x00007ff802e40000 - 0x00007ff802e48000 	C:\WINDOWS\System32\PSAPI.DLL

dbghelp: loaded successfully - version: 4.0.5 - missing functions: none
symbol engine: initialized successfully - sym options: 0x614 - pdb path: .;C:\Program Files\Java\jdk-21\bin;C:\WINDOWS\SYSTEM32;C:\WINDOWS\WinSxS\amd64_microsoft.windows.common-controls_6595b64144ccf1df_6.0.22621.3672_none_2713b9d173822955;C:\Program Files\Java\jdk-21\bin\server

VM Arguments:
java_command: C:\Users\ricar\AppData\Local\Temp\surefire3336560768652972398\surefirebooter-20241006214521672_3.jar C:\Users\ricar\AppData\Local\Temp\surefire3336560768652972398 2024-10-06T21-45-21_008-jvmRun1 surefire-20241006214521672_1tmp surefire_0-20241006214521672_2tmp
java_class_path (initial): C:\Users\ricar\AppData\Local\Temp\surefire3336560768652972398\surefirebooter-20241006214521672_3.jar
Launcher Type: SUN_STANDARD

[Global flags]
     intx CICompilerCount                          = 4                                         {product} {ergonomic}
     uint ConcGCThreads                            = 3                                         {product} {ergonomic}
     uint G1ConcRefinementThreads                  = 10                                        {product} {ergonomic}
   size_t G1HeapRegionSize                         = 1048576                                   {product} {ergonomic}
    uintx GCDrainStackTargetSize                   = 64                                        {product} {ergonomic}
   size_t InitialHeapSize                          = 98566144                                  {product} {ergonomic}
   size_t MarkStackSize                            = 4194304                                   {product} {ergonomic}
   size_t MaxHeapSize                              = 1570766848                                {product} {ergonomic}
   size_t MaxNewSize                               = 941621248                                 {product} {ergonomic}
   size_t MinHeapDeltaBytes                        = 1048576                                   {product} {ergonomic}
   size_t MinHeapSize                              = 8388608                                   {product} {ergonomic}
    uintx NonNMethodCodeHeapSize                   = 5839372                                {pd product} {ergonomic}
    uintx NonProfiledCodeHeapSize                  = 122909434                              {pd product} {ergonomic}
    uintx ProfiledCodeHeapSize                     = 122909434                              {pd product} {ergonomic}
    uintx ReservedCodeCacheSize                    = 251658240                              {pd product} {ergonomic}
     bool SegmentedCodeCache                       = true                                      {product} {ergonomic}
   size_t SoftMaxHeapSize                          = 1570766848                             {manageable} {ergonomic}
     bool UseCompressedOops                        = true                           {product lp64_product} {ergonomic}
     bool UseG1GC                                  = true                                      {product} {ergonomic}
     bool UseLargePagesIndividualAllocation        = false                                  {pd product} {ergonomic}

Logging:
Log output configuration:
 #0: stdout all=warning uptime,level,tags foldmultilines=false
 #1: stderr all=off uptime,level,tags foldmultilines=false

Environment Variables:
PATH=C:\Program Files\Common Files\Oracle\Java\javapath;C:\Program Files (x86)\Common Files\Oracle\Java\javapath;C:\WINDOWS\system32;C:\WINDOWS;C:\WINDOWS\System32\Wbem;C:\WINDOWS\System32\WindowsPowerShell\v1.0\;C:\WINDOWS\System32\OpenSSH\;C:\Program Files\dotnet\;C:\Program Files (x86)\Windows Kits\10\Windows Performance Toolkit\;C:\Program Files\Maven\apache-maven-3.9.9\bin;C:\Users\ricar\AppData\Local\Programs\Python\Python311\Scripts\;C:\Users\ricar\AppData\Local\Programs\Python\Python311\;C:\Users\ricar\AppData\Local\Microsoft\WindowsApps;C:\Users\ricar\AppData\Local\Programs\Microsoft VS Code\bin
USERNAME=Ricardo Filho
LANG=en_US.UTF-8
OS=Windows_NT
PROCESSOR_IDENTIFIER=AMD64 Family 23 Model 104 Stepping 1, AuthenticAMD
TMP=C:\Users\ricar\AppData\Local\Temp
TEMP=C:\Users\ricar\AppData\Local\Temp




Periodic native trim disabled

---------------  S Y S T E M  ---------------

OS:
 Windows 11 , 64 bit Build 22621 (10.0.22621.3958)
OS uptime: 10 days 16:57 hours

CPU: total 12 (initial active 12) (12 cores per cpu, 2 threads per core) family 23 model 104 stepping 1 microcode 0x0, cx8, cmov, fxsr, ht, mmx, 3dnowpref, sse, sse2, sse3, ssse3, sse4a, sse4.1, sse4.2, popcnt, lzcnt, tsc, tscinvbit, avx, avx2, aes, clmul, bmi1, bmi2, adx, sha, fma, vzeroupper, clflush, clflushopt, rdtscp, rdpid, f16c
Processor Information for processor 0
  Max Mhz: 2100, Current Mhz: 2100, Mhz Limit: 2100
Processor Information for processor 1
  Max Mhz: 2100, Current Mhz: 1988, Mhz Limit: 2100
Processor Information for processor 2
  Max Mhz: 2100, Current Mhz: 2100, Mhz Limit: 2100
Processor Information for processor 3
  Max Mhz: 2100, Current Mhz: 1988, Mhz Limit: 2100
Processor Information for processor 4
  Max Mhz: 2100, Current Mhz: 2100, Mhz Limit: 2100
Processor Information for processor 5
  Max Mhz: 2100, Current Mhz: 2100, Mhz Limit: 2100
Processor Information for processor 6
  Max Mhz: 2100, Current Mhz: 2100, Mhz Limit: 2100
Processor Information for processor 7
  Max Mhz: 2100, Current Mhz: 1988, Mhz Limit: 2100
Processor Information for processor 8
  Max Mhz: 2100, Current Mhz: 2100, Mhz Limit: 2100
Processor Information for processor 9
  Max Mhz: 2100, Current Mhz: 1988, Mhz Limit: 2100
Processor Information for processor 10
  Max Mhz: 2100, Current Mhz: 1988, Mhz Limit: 2100
Processor Information for processor 11
  Max Mhz: 2100, Current Mhz: 2100, Mhz Limit: 2100

Memory: 4k page, system-wide physical 5989M (327M free)
TotalPageFile size 24421M (AvailPageFile size 0M)
current process WorkingSet (physical memory assigned to process): 43M, peak: 43M
current process commit charge ("private bytes"): 182M, peak: 182M

vm_info: Java HotSpot(TM) 64-Bit Server VM (21.0.4+8-LTS-274) for windows-amd64 JRE (21.0.4+8-LTS-274), built on 2024-06-05T05:23:33Z by "mach5one" with MS VC++ 17.6 (VS2022)

END.
