#
# There is insufficient memory for the Java Runtime Environment to continue.
# Native memory allocation (mmap) failed to map 65536 bytes for Failed to commit metaspace.
# Possible reasons:
#   The system is out of physical RAM or swap space
#   The process is running with CompressedOops enabled, and the Java Heap may be blocking the growth of the native heap
# Possible solutions:
#   Reduce memory load on the system
#   Increase physical memory or swap space
#   Check if swap backing store is full
#   Decrease Java heap size (-Xmx/-Xms)
#   Decrease number of Java threads
#   Decrease Java thread stack sizes (-Xss)
#   Set larger code cache with -XX:ReservedCodeCacheSize=
#   JVM is running with Unscaled Compressed Oops mode in which the Java heap is
#     placed in the first 4GB address space. The Java Heap base address is the
#     maximum limit for the native heap growth. Please use -XX:HeapBaseMinAddress
#     to set the Java Heap base and to place the Java Heap above 4GB virtual address.
# This output file may be truncated or incomplete.
#
#  Out of Memory Error (virtualSpaceNode.cpp:112), pid=21552, tid=20700
#
# JRE version: Java(TM) SE Runtime Environment (21.0.4+8) (build 21.0.4+8-LTS-274)
# Java VM: Java HotSpot(TM) 64-Bit Server VM (21.0.4+8-LTS-274, mixed mode, emulated-client, tiered, compressed oops, compressed class ptrs, g1 gc, windows-amd64)
# No core dump will be written. Minidumps are not enabled by default on client versions of Windows
#

---------------  S U M M A R Y ------------

Command Line: -XX:TieredStopAtLevel=1 dw.pagamento.PagamentoApplication

Host: AMD Ryzen 5 5500U with Radeon Graphics         , 12 cores, 5G,  Windows 11 , 64 bit Build 22621 (10.0.22621.3958)
Time: Sun Oct  6 21:43:05 2024 Hora oficial do Brasil elapsed time: 0.477463 seconds (0d 0h 0m 0s)

---------------  T H R E A D  ---------------

Current thread (0x0000021e604f0710):  JavaThread "main"             [_thread_in_vm, id=20700, stack(0x000000a48b000000,0x000000a48b100000) (1024K)]

Stack: [0x000000a48b000000,0x000000a48b100000]
Native frames: (J=compiled Java code, j=interpreted, Vv=VM code, C=native code)
V  [jvm.dll+0x6c8e59]
V  [jvm.dll+0x853181]
V  [jvm.dll+0x8556ae]
V  [jvm.dll+0x855d83]
V  [jvm.dll+0x27d526]
V  [jvm.dll+0x84edae]
V  [jvm.dll+0x66cc05]
V  [jvm.dll+0x1e3afc]
V  [jvm.dll+0x1e38ce]
V  [jvm.dll+0x66f533]
V  [jvm.dll+0x66f352]
V  [jvm.dll+0x66d5de]
V  [jvm.dll+0x268d30]
V  [jvm.dll+0x2151f7]
V  [jvm.dll+0x20ab4e]
V  [jvm.dll+0x5ac19c]
V  [jvm.dll+0x21c2ea]
V  [jvm.dll+0x7ccb1c]
V  [jvm.dll+0x7cdb44]
V  [jvm.dll+0x7ce112]
V  [jvm.dll+0x7cdd98]
V  [jvm.dll+0x26b38b]
V  [jvm.dll+0x26b5ba]
V  [jvm.dll+0x5cf1e7]
V  [jvm.dll+0x5d21d6]
V  [jvm.dll+0x3d5705]
V  [jvm.dll+0x3d4d7d]
C  0x0000021e6abd83e0

The last pc belongs to invokestatic (printed below).
Java frames: (J=compiled Java code, j=interpreted, Vv=VM code)
j  sun.util.calendar.ZoneInfo.getTimeZone(Ljava/lang/String;)Ljava/util/TimeZone;+1 java.base@21.0.4
j  java.util.TimeZone.getTimeZone(Ljava/lang/String;Z)Ljava/util/TimeZone;+1 java.base@21.0.4
j  java.util.TimeZone.setDefaultZone()Ljava/util/TimeZone;+38 java.base@21.0.4
j  java.util.TimeZone.getDefaultRef()Ljava/util/TimeZone;+8 java.base@21.0.4
j  java.util.TimeZone.getDefault()Ljava/util/TimeZone;+0 java.base@21.0.4
j  java.time.ZoneId.systemDefault()Ljava/time/ZoneId;+0 java.base@21.0.4
j  ch.qos.logback.core.util.CachingDateFormatter.<init>(Ljava/lang/String;Ljava/time/ZoneId;Ljava/util/Locale;)V+9
j  ch.qos.logback.core.util.CachingDateFormatter.<init>(Ljava/lang/String;Ljava/time/ZoneId;)V+4
j  ch.qos.logback.core.util.CachingDateFormatter.<init>(Ljava/lang/String;)V+3
j  ch.qos.logback.classic.layout.TTLLLayout.<init>()V+11
j  ch.qos.logback.classic.BasicConfigurator.configure(Lch/qos/logback/classic/LoggerContext;)Lch/qos/logback/classic/spi/Configurator$ExecutionStatus;+48
j  ch.qos.logback.classic.util.ContextInitializer.invokeConfigure(Lch/qos/logback/classic/spi/Configurator;)Lch/qos/logback/classic/spi/Configurator$ExecutionStatus;+42
j  ch.qos.logback.classic.util.ContextInitializer.autoConfig(Ljava/lang/ClassLoader;)V+207
j  ch.qos.logback.classic.util.ContextInitializer.autoConfig()V+6
j  ch.qos.logback.classic.spi.LogbackServiceProvider.initializeLoggerContext()V+11
j  ch.qos.logback.classic.spi.LogbackServiceProvider.initialize()V+21
j  org.slf4j.LoggerFactory.bind()V+37
j  org.slf4j.LoggerFactory.performInitialization()V+0
j  org.slf4j.LoggerFactory.getProvider()Lorg/slf4j/spi/SLF4JServiceProvider;+21
j  org.slf4j.LoggerFactory.getILoggerFactory()Lorg/slf4j/ILoggerFactory;+0
j  org.slf4j.LoggerFactory.getLogger(Ljava/lang/String;)Lorg/slf4j/Logger;+0
j  org.apache.commons.logging.LogAdapter$Slf4jAdapter.createLocationAwareLog(Ljava/lang/String;)Lorg/apache/commons/logging/Log;+1
j  org.apache.commons.logging.LogAdapter$$Lambda+0x0000000100006e10.apply(Ljava/lang/Object;)Ljava/lang/Object;+4
j  org.apache.commons.logging.LogAdapter.createLog(Ljava/lang/String;)Lorg/apache/commons/logging/Log;+4
j  org.apache.commons.logging.LogFactory.getLog(Ljava/lang/String;)Lorg/apache/commons/logging/Log;+1
j  org.apache.commons.logging.LogFactory.getLog(Ljava/lang/Class;)Lorg/apache/commons/logging/Log;+4
j  org.springframework.boot.SpringApplication.<clinit>()V+2
v  ~StubRoutines::call_stub 0x0000021e6abc100d
j  dw.pagamento.PagamentoApplication.main([Ljava/lang/String;)V+3
v  ~StubRoutines::call_stub 0x0000021e6abc100d
invokestatic  184 invokestatic  [0x0000021e6abd8340, 0x0000021e6abd84a0]  352 bytes
[MachCode]
  0x0000021e6abd8340: 4883 ec08 | c5fa 1104 | 24eb 1f48 | 83ec 10c5 | fb11 0424 | eb14 4883 | ec10 4889 | 0424 48c7 
  0x0000021e6abd8360: 4424 0800 | 0000 00eb | 0150 4c89 | 6dc0 410f | b755 0148 | 8b4d d0c1 | e202 8b5c | d138 c1eb 
  0x0000021e6abd8380: 1081 e3ff | 0000 0081 | fbb8 0000 | 000f 84b4 | 0000 00bb | b800 0000 | e805 0000 | 00e9 9900 
  0x0000021e6abd83a0: 0000 488b | d348 8d44 | 2408 4c89 | 6dc0 498b | cfc5 f877 | 4989 afa8 | 0300 0049 | 8987 9803 
  0x0000021e6abd83c0: 0000 4883 | ec20 40f6 | c40f 0f84 | 1900 0000 | 4883 ec08 | 48b8 104d | fb50 ff7f | 0000 ffd0 
  0x0000021e6abd83e0: 4883 c408 | e90c 0000 | 0048 b810 | 4dfb 50ff | 7f00 00ff | d048 83c4 | 2049 c787 | 9803 0000 
  0x0000021e6abd8400: 0000 0000 | 49c7 87a8 | 0300 0000 | 0000 0049 | c787 a003 | 0000 0000 | 0000 c5f8 | 7749 837f 
  0x0000021e6abd8420: 0800 0f84 | 0500 0000 | e9d3 8afe | ff4c 8b6d | c04c 8b75 | c84e 8d74 | f500 c341 | 0fb7 5501 
  0x0000021e6abd8440: 488b 4dd0 | c1e2 0248 | 8b5c d140 | 488b 5b08 | 488b 5b08 | 488b 5b18 | 80bb 2001 | 0000 050f 
  0x0000021e6abd8460: 840d 0000 | 004c 3bbb | 3001 0000 | 0f85 21ff | ffff 488b | 5cd1 408b | 54d1 50c1 | ea1c 49ba 
  0x0000021e6abd8480: 207b 8251 | ff7f 0000 | 498b 14d2 | 524c 8d6c | 2408 4c89 | 6df0 ff63 | 500f 1f80 | 0000 0000 
[/MachCode]

---------------  P R O C E S S  ---------------

Threads class SMR info:
_java_thread_list=0x0000021e042e0a80, length=12, elements={
0x0000021e604f0710, 0x0000021e0417e5a0, 0x0000021e041673b0, 0x0000021e04174fb0,
0x0000021e0416f5f0, 0x0000021e04170050, 0x0000021e04170ab0, 0x0000021e04171510,
0x0000021e042f0cf0, 0x0000021e042f35d0, 0x0000021e04336190, 0x0000021e04336bd0
}

Java Threads: ( => current thread )
=>0x0000021e604f0710 JavaThread "main"                              [_thread_in_vm, id=20700, stack(0x000000a48b000000,0x000000a48b100000) (1024K)]
  0x0000021e0417e5a0 JavaThread "Reference Handler"          daemon [_thread_blocked, id=15732, stack(0x000000a48b800000,0x000000a48b900000) (1024K)]
  0x0000021e041673b0 JavaThread "Finalizer"                  daemon [_thread_blocked, id=16436, stack(0x000000a48b900000,0x000000a48ba00000) (1024K)]
  0x0000021e04174fb0 JavaThread "Signal Dispatcher"          daemon [_thread_blocked, id=21912, stack(0x000000a48ba00000,0x000000a48bb00000) (1024K)]
  0x0000021e0416f5f0 JavaThread "Attach Listener"            daemon [_thread_blocked, id=17416, stack(0x000000a48bb00000,0x000000a48bc00000) (1024K)]
  0x0000021e04170050 JavaThread "Service Thread"             daemon [_thread_blocked, id=13092, stack(0x000000a48bc00000,0x000000a48bd00000) (1024K)]
  0x0000021e04170ab0 JavaThread "Monitor Deflation Thread"   daemon [_thread_blocked, id=19372, stack(0x000000a48bd00000,0x000000a48be00000) (1024K)]
  0x0000021e04171510 JavaThread "C1 CompilerThread0"         daemon [_thread_blocked, id=10932, stack(0x000000a48be00000,0x000000a48bf00000) (1024K)]
  0x0000021e042f0cf0 JavaThread "C1 CompilerThread1"         daemon [_thread_blocked, id=21756, stack(0x000000a48bf00000,0x000000a48c000000) (1024K)]
  0x0000021e042f35d0 JavaThread "C1 CompilerThread2"         daemon [_thread_blocked, id=17000, stack(0x000000a48c000000,0x000000a48c100000) (1024K)]
  0x0000021e04336190 JavaThread "Notification Thread"        daemon [_thread_blocked, id=22296, stack(0x000000a48c100000,0x000000a48c200000) (1024K)]
  0x0000021e04336bd0 JavaThread "Common-Cleaner"             daemon [_thread_blocked, id=18572, stack(0x000000a48c200000,0x000000a48c300000) (1024K)]
Total: 12

Other Threads:
  0x0000021e728b7a50 VMThread "VM Thread"                           [id=20712, stack(0x000000a48b700000,0x000000a48b800000) (1024K)]
  0x0000021e728688f0 WatcherThread "VM Periodic Task Thread"        [id=19376, stack(0x000000a48b600000,0x000000a48b700000) (1024K)]
  0x0000021e62798320 WorkerThread "GC Thread#0"                     [id=21064, stack(0x000000a48b100000,0x000000a48b200000) (1024K)]
  0x0000021e627a5650 ConcurrentGCThread "G1 Main Marker"            [id=21376, stack(0x000000a48b200000,0x000000a48b300000) (1024K)]
  0x0000021e627a6300 WorkerThread "G1 Conc#0"                       [id=22336, stack(0x000000a48b300000,0x000000a48b400000) (1024K)]
  0x0000021e727370e0 ConcurrentGCThread "G1 Refine#0"               [id=6488, stack(0x000000a48b400000,0x000000a48b500000) (1024K)]
  0x0000021e727387e0 ConcurrentGCThread "G1 Service"                [id=13512, stack(0x000000a48b500000,0x000000a48b600000) (1024K)]
Total: 7

Threads with active compile tasks:
Total: 0

VM state: not at safepoint (normal execution)

VM Mutex/Monitor currently owned by a thread:  ([mutex/lock_event])
[0x00007fff51815e18] Metaspace_lock - owner thread: 0x0000021e604f0710

Heap address: 0x00000000a2600000, size: 1498 MB, Compressed Oops mode: 32-bit

CDS archive(s) not mapped
Compressed class space mapped at: 0x0000000100000000-0x0000000140000000, reserved size: 1073741824
Narrow klass base: 0x0000000000000000, Narrow klass shift: 3, Narrow klass range: 0x140000000

GC Precious Log:
 CardTable entry size: 512
 Card Set container configuration: InlinePtr #cards 5 size 8 Array Of Cards #cards 12 size 40 Howl #buckets 4 coarsen threshold 1843 Howl Bitmap #cards 512 size 80 coarsen threshold 460 Card regions per heap region 1 cards per card region 2048
 CPUs: 12 total, 12 available
 Memory: 5989M
 Large Page Support: Disabled
 NUMA Support: Disabled
 Compressed Oops: Enabled (32-bit)
 Heap Region Size: 1M
 Heap Min Capacity: 8M
 Heap Initial Capacity: 94M
 Heap Max Capacity: 1498M
 Pre-touch: Disabled
 Parallel Workers: 10
 Concurrent Workers: 3
 Concurrent Refinement Workers: 10
 Periodic GC: Disabled

Heap:
 garbage-first heap   total 96256K, used 10240K [0x00000000a2600000, 0x0000000100000000)
  region size 1024K, 10 young (10240K), 0 survivors (0K)
 Metaspace       used 8799K, committed 8960K, reserved 1114112K
  class space    used 772K, committed 896K, reserved 1048576K

Heap Regions: E=young(eden), S=young(survivor), O=old, HS=humongous(starts), HC=humongous(continues), CS=collection set, F=free, TAMS=top-at-mark-start, PB=parsable bottom
|   0|0x00000000a2600000, 0x00000000a2700000, 0x00000000a2700000|100%|HS|  |TAMS 0x00000000a2600000| PB 0x00000000a2600000| Complete 
|   1|0x00000000a2700000, 0x00000000a2700000, 0x00000000a2800000|  0%| F|  |TAMS 0x00000000a2700000| PB 0x00000000a2700000| Untracked 
|   2|0x00000000a2800000, 0x00000000a2800000, 0x00000000a2900000|  0%| F|  |TAMS 0x00000000a2800000| PB 0x00000000a2800000| Untracked 
|   3|0x00000000a2900000, 0x00000000a2900000, 0x00000000a2a00000|  0%| F|  |TAMS 0x00000000a2900000| PB 0x00000000a2900000| Untracked 
|   4|0x00000000a2a00000, 0x00000000a2a00000, 0x00000000a2b00000|  0%| F|  |TAMS 0x00000000a2a00000| PB 0x00000000a2a00000| Untracked 
|   5|0x00000000a2b00000, 0x00000000a2b00000, 0x00000000a2c00000|  0%| F|  |TAMS 0x00000000a2b00000| PB 0x00000000a2b00000| Untracked 
|   6|0x00000000a2c00000, 0x00000000a2c00000, 0x00000000a2d00000|  0%| F|  |TAMS 0x00000000a2c00000| PB 0x00000000a2c00000| Untracked 
|   7|0x00000000a2d00000, 0x00000000a2d00000, 0x00000000a2e00000|  0%| F|  |TAMS 0x00000000a2d00000| PB 0x00000000a2d00000| Untracked 
|   8|0x00000000a2e00000, 0x00000000a2e00000, 0x00000000a2f00000|  0%| F|  |TAMS 0x00000000a2e00000| PB 0x00000000a2e00000| Untracked 
|   9|0x00000000a2f00000, 0x00000000a2f00000, 0x00000000a3000000|  0%| F|  |TAMS 0x00000000a2f00000| PB 0x00000000a2f00000| Untracked 
|  10|0x00000000a3000000, 0x00000000a3000000, 0x00000000a3100000|  0%| F|  |TAMS 0x00000000a3000000| PB 0x00000000a3000000| Untracked 
|  11|0x00000000a3100000, 0x00000000a3100000, 0x00000000a3200000|  0%| F|  |TAMS 0x00000000a3100000| PB 0x00000000a3100000| Untracked 
|  12|0x00000000a3200000, 0x00000000a3200000, 0x00000000a3300000|  0%| F|  |TAMS 0x00000000a3200000| PB 0x00000000a3200000| Untracked 
|  13|0x00000000a3300000, 0x00000000a3300000, 0x00000000a3400000|  0%| F|  |TAMS 0x00000000a3300000| PB 0x00000000a3300000| Untracked 
|  14|0x00000000a3400000, 0x00000000a3400000, 0x00000000a3500000|  0%| F|  |TAMS 0x00000000a3400000| PB 0x00000000a3400000| Untracked 
|  15|0x00000000a3500000, 0x00000000a3500000, 0x00000000a3600000|  0%| F|  |TAMS 0x00000000a3500000| PB 0x00000000a3500000| Untracked 
|  16|0x00000000a3600000, 0x00000000a3600000, 0x00000000a3700000|  0%| F|  |TAMS 0x00000000a3600000| PB 0x00000000a3600000| Untracked 
|  17|0x00000000a3700000, 0x00000000a3700000, 0x00000000a3800000|  0%| F|  |TAMS 0x00000000a3700000| PB 0x00000000a3700000| Untracked 
|  18|0x00000000a3800000, 0x00000000a3800000, 0x00000000a3900000|  0%| F|  |TAMS 0x00000000a3800000| PB 0x00000000a3800000| Untracked 
|  19|0x00000000a3900000, 0x00000000a3900000, 0x00000000a3a00000|  0%| F|  |TAMS 0x00000000a3900000| PB 0x00000000a3900000| Untracked 
|  20|0x00000000a3a00000, 0x00000000a3a00000, 0x00000000a3b00000|  0%| F|  |TAMS 0x00000000a3a00000| PB 0x00000000a3a00000| Untracked 
|  21|0x00000000a3b00000, 0x00000000a3b00000, 0x00000000a3c00000|  0%| F|  |TAMS 0x00000000a3b00000| PB 0x00000000a3b00000| Untracked 
|  22|0x00000000a3c00000, 0x00000000a3c00000, 0x00000000a3d00000|  0%| F|  |TAMS 0x00000000a3c00000| PB 0x00000000a3c00000| Untracked 
|  23|0x00000000a3d00000, 0x00000000a3d00000, 0x00000000a3e00000|  0%| F|  |TAMS 0x00000000a3d00000| PB 0x00000000a3d00000| Untracked 
|  24|0x00000000a3e00000, 0x00000000a3e00000, 0x00000000a3f00000|  0%| F|  |TAMS 0x00000000a3e00000| PB 0x00000000a3e00000| Untracked 
|  25|0x00000000a3f00000, 0x00000000a3f00000, 0x00000000a4000000|  0%| F|  |TAMS 0x00000000a3f00000| PB 0x00000000a3f00000| Untracked 
|  26|0x00000000a4000000, 0x00000000a4000000, 0x00000000a4100000|  0%| F|  |TAMS 0x00000000a4000000| PB 0x00000000a4000000| Untracked 
|  27|0x00000000a4100000, 0x00000000a4100000, 0x00000000a4200000|  0%| F|  |TAMS 0x00000000a4100000| PB 0x00000000a4100000| Untracked 
|  28|0x00000000a4200000, 0x00000000a4200000, 0x00000000a4300000|  0%| F|  |TAMS 0x00000000a4200000| PB 0x00000000a4200000| Untracked 
|  29|0x00000000a4300000, 0x00000000a4300000, 0x00000000a4400000|  0%| F|  |TAMS 0x00000000a4300000| PB 0x00000000a4300000| Untracked 
|  30|0x00000000a4400000, 0x00000000a4400000, 0x00000000a4500000|  0%| F|  |TAMS 0x00000000a4400000| PB 0x00000000a4400000| Untracked 
|  31|0x00000000a4500000, 0x00000000a4500000, 0x00000000a4600000|  0%| F|  |TAMS 0x00000000a4500000| PB 0x00000000a4500000| Untracked 
|  32|0x00000000a4600000, 0x00000000a4600000, 0x00000000a4700000|  0%| F|  |TAMS 0x00000000a4600000| PB 0x00000000a4600000| Untracked 
|  33|0x00000000a4700000, 0x00000000a4700000, 0x00000000a4800000|  0%| F|  |TAMS 0x00000000a4700000| PB 0x00000000a4700000| Untracked 
|  34|0x00000000a4800000, 0x00000000a4800000, 0x00000000a4900000|  0%| F|  |TAMS 0x00000000a4800000| PB 0x00000000a4800000| Untracked 
|  35|0x00000000a4900000, 0x00000000a4900000, 0x00000000a4a00000|  0%| F|  |TAMS 0x00000000a4900000| PB 0x00000000a4900000| Untracked 
|  36|0x00000000a4a00000, 0x00000000a4a00000, 0x00000000a4b00000|  0%| F|  |TAMS 0x00000000a4a00000| PB 0x00000000a4a00000| Untracked 
|  37|0x00000000a4b00000, 0x00000000a4b00000, 0x00000000a4c00000|  0%| F|  |TAMS 0x00000000a4b00000| PB 0x00000000a4b00000| Untracked 
|  38|0x00000000a4c00000, 0x00000000a4c00000, 0x00000000a4d00000|  0%| F|  |TAMS 0x00000000a4c00000| PB 0x00000000a4c00000| Untracked 
|  39|0x00000000a4d00000, 0x00000000a4d00000, 0x00000000a4e00000|  0%| F|  |TAMS 0x00000000a4d00000| PB 0x00000000a4d00000| Untracked 
|  40|0x00000000a4e00000, 0x00000000a4e00000, 0x00000000a4f00000|  0%| F|  |TAMS 0x00000000a4e00000| PB 0x00000000a4e00000| Untracked 
|  41|0x00000000a4f00000, 0x00000000a4f00000, 0x00000000a5000000|  0%| F|  |TAMS 0x00000000a4f00000| PB 0x00000000a4f00000| Untracked 
|  42|0x00000000a5000000, 0x00000000a5000000, 0x00000000a5100000|  0%| F|  |TAMS 0x00000000a5000000| PB 0x00000000a5000000| Untracked 
|  43|0x00000000a5100000, 0x00000000a5100000, 0x00000000a5200000|  0%| F|  |TAMS 0x00000000a5100000| PB 0x00000000a5100000| Untracked 
|  44|0x00000000a5200000, 0x00000000a5200000, 0x00000000a5300000|  0%| F|  |TAMS 0x00000000a5200000| PB 0x00000000a5200000| Untracked 
|  45|0x00000000a5300000, 0x00000000a5300000, 0x00000000a5400000|  0%| F|  |TAMS 0x00000000a5300000| PB 0x00000000a5300000| Untracked 
|  46|0x00000000a5400000, 0x00000000a5400000, 0x00000000a5500000|  0%| F|  |TAMS 0x00000000a5400000| PB 0x00000000a5400000| Untracked 
|  47|0x00000000a5500000, 0x00000000a5500000, 0x00000000a5600000|  0%| F|  |TAMS 0x00000000a5500000| PB 0x00000000a5500000| Untracked 
|  48|0x00000000a5600000, 0x00000000a5600000, 0x00000000a5700000|  0%| F|  |TAMS 0x00000000a5600000| PB 0x00000000a5600000| Untracked 
|  49|0x00000000a5700000, 0x00000000a5700000, 0x00000000a5800000|  0%| F|  |TAMS 0x00000000a5700000| PB 0x00000000a5700000| Untracked 
|  50|0x00000000a5800000, 0x00000000a5800000, 0x00000000a5900000|  0%| F|  |TAMS 0x00000000a5800000| PB 0x00000000a5800000| Untracked 
|  51|0x00000000a5900000, 0x00000000a5900000, 0x00000000a5a00000|  0%| F|  |TAMS 0x00000000a5900000| PB 0x00000000a5900000| Untracked 
|  52|0x00000000a5a00000, 0x00000000a5a00000, 0x00000000a5b00000|  0%| F|  |TAMS 0x00000000a5a00000| PB 0x00000000a5a00000| Untracked 
|  53|0x00000000a5b00000, 0x00000000a5b00000, 0x00000000a5c00000|  0%| F|  |TAMS 0x00000000a5b00000| PB 0x00000000a5b00000| Untracked 
|  54|0x00000000a5c00000, 0x00000000a5c00000, 0x00000000a5d00000|  0%| F|  |TAMS 0x00000000a5c00000| PB 0x00000000a5c00000| Untracked 
|  55|0x00000000a5d00000, 0x00000000a5d00000, 0x00000000a5e00000|  0%| F|  |TAMS 0x00000000a5d00000| PB 0x00000000a5d00000| Untracked 
|  56|0x00000000a5e00000, 0x00000000a5e00000, 0x00000000a5f00000|  0%| F|  |TAMS 0x00000000a5e00000| PB 0x00000000a5e00000| Untracked 
|  57|0x00000000a5f00000, 0x00000000a5f00000, 0x00000000a6000000|  0%| F|  |TAMS 0x00000000a5f00000| PB 0x00000000a5f00000| Untracked 
|  58|0x00000000a6000000, 0x00000000a6000000, 0x00000000a6100000|  0%| F|  |TAMS 0x00000000a6000000| PB 0x00000000a6000000| Untracked 
|  59|0x00000000a6100000, 0x00000000a6100000, 0x00000000a6200000|  0%| F|  |TAMS 0x00000000a6100000| PB 0x00000000a6100000| Untracked 
|  60|0x00000000a6200000, 0x00000000a6200000, 0x00000000a6300000|  0%| F|  |TAMS 0x00000000a6200000| PB 0x00000000a6200000| Untracked 
|  61|0x00000000a6300000, 0x00000000a6300000, 0x00000000a6400000|  0%| F|  |TAMS 0x00000000a6300000| PB 0x00000000a6300000| Untracked 
|  62|0x00000000a6400000, 0x00000000a6400000, 0x00000000a6500000|  0%| F|  |TAMS 0x00000000a6400000| PB 0x00000000a6400000| Untracked 
|  63|0x00000000a6500000, 0x00000000a6500000, 0x00000000a6600000|  0%| F|  |TAMS 0x00000000a6500000| PB 0x00000000a6500000| Untracked 
|  64|0x00000000a6600000, 0x00000000a6600000, 0x00000000a6700000|  0%| F|  |TAMS 0x00000000a6600000| PB 0x00000000a6600000| Untracked 
|  65|0x00000000a6700000, 0x00000000a6700000, 0x00000000a6800000|  0%| F|  |TAMS 0x00000000a6700000| PB 0x00000000a6700000| Untracked 
|  66|0x00000000a6800000, 0x00000000a6800000, 0x00000000a6900000|  0%| F|  |TAMS 0x00000000a6800000| PB 0x00000000a6800000| Untracked 
|  67|0x00000000a6900000, 0x00000000a6900000, 0x00000000a6a00000|  0%| F|  |TAMS 0x00000000a6900000| PB 0x00000000a6900000| Untracked 
|  68|0x00000000a6a00000, 0x00000000a6a00000, 0x00000000a6b00000|  0%| F|  |TAMS 0x00000000a6a00000| PB 0x00000000a6a00000| Untracked 
|  69|0x00000000a6b00000, 0x00000000a6b00000, 0x00000000a6c00000|  0%| F|  |TAMS 0x00000000a6b00000| PB 0x00000000a6b00000| Untracked 
|  70|0x00000000a6c00000, 0x00000000a6c00000, 0x00000000a6d00000|  0%| F|  |TAMS 0x00000000a6c00000| PB 0x00000000a6c00000| Untracked 
|  71|0x00000000a6d00000, 0x00000000a6d00000, 0x00000000a6e00000|  0%| F|  |TAMS 0x00000000a6d00000| PB 0x00000000a6d00000| Untracked 
|  72|0x00000000a6e00000, 0x00000000a6e00000, 0x00000000a6f00000|  0%| F|  |TAMS 0x00000000a6e00000| PB 0x00000000a6e00000| Untracked 
|  73|0x00000000a6f00000, 0x00000000a6f00000, 0x00000000a7000000|  0%| F|  |TAMS 0x00000000a6f00000| PB 0x00000000a6f00000| Untracked 
|  74|0x00000000a7000000, 0x00000000a7000000, 0x00000000a7100000|  0%| F|  |TAMS 0x00000000a7000000| PB 0x00000000a7000000| Untracked 
|  75|0x00000000a7100000, 0x00000000a7100000, 0x00000000a7200000|  0%| F|  |TAMS 0x00000000a7100000| PB 0x00000000a7100000| Untracked 
|  76|0x00000000a7200000, 0x00000000a7200000, 0x00000000a7300000|  0%| F|  |TAMS 0x00000000a7200000| PB 0x00000000a7200000| Untracked 
|  77|0x00000000a7300000, 0x00000000a7300000, 0x00000000a7400000|  0%| F|  |TAMS 0x00000000a7300000| PB 0x00000000a7300000| Untracked 
|  78|0x00000000a7400000, 0x00000000a7400000, 0x00000000a7500000|  0%| F|  |TAMS 0x00000000a7400000| PB 0x00000000a7400000| Untracked 
|  79|0x00000000a7500000, 0x00000000a7500000, 0x00000000a7600000|  0%| F|  |TAMS 0x00000000a7500000| PB 0x00000000a7500000| Untracked 
|  80|0x00000000a7600000, 0x00000000a7600000, 0x00000000a7700000|  0%| F|  |TAMS 0x00000000a7600000| PB 0x00000000a7600000| Untracked 
|  81|0x00000000a7700000, 0x00000000a7700000, 0x00000000a7800000|  0%| F|  |TAMS 0x00000000a7700000| PB 0x00000000a7700000| Untracked 
|  82|0x00000000a7800000, 0x00000000a7800000, 0x00000000a7900000|  0%| F|  |TAMS 0x00000000a7800000| PB 0x00000000a7800000| Untracked 
|  83|0x00000000a7900000, 0x00000000a7900000, 0x00000000a7a00000|  0%| F|  |TAMS 0x00000000a7900000| PB 0x00000000a7900000| Untracked 
|  84|0x00000000a7a00000, 0x00000000a7a77f98, 0x00000000a7b00000| 46%| E|  |TAMS 0x00000000a7a00000| PB 0x00000000a7a00000| Complete 
|  85|0x00000000a7b00000, 0x00000000a7c00000, 0x00000000a7c00000|100%| E|CS|TAMS 0x00000000a7b00000| PB 0x00000000a7b00000| Complete 
|  86|0x00000000a7c00000, 0x00000000a7d00000, 0x00000000a7d00000|100%| E|CS|TAMS 0x00000000a7c00000| PB 0x00000000a7c00000| Complete 
|  87|0x00000000a7d00000, 0x00000000a7e00000, 0x00000000a7e00000|100%| E|CS|TAMS 0x00000000a7d00000| PB 0x00000000a7d00000| Complete 
|  88|0x00000000a7e00000, 0x00000000a7f00000, 0x00000000a7f00000|100%| E|CS|TAMS 0x00000000a7e00000| PB 0x00000000a7e00000| Complete 
|  89|0x00000000a7f00000, 0x00000000a8000000, 0x00000000a8000000|100%| E|CS|TAMS 0x00000000a7f00000| PB 0x00000000a7f00000| Complete 
|  90|0x00000000a8000000, 0x00000000a8100000, 0x00000000a8100000|100%| E|CS|TAMS 0x00000000a8000000| PB 0x00000000a8000000| Complete 
|  91|0x00000000a8100000, 0x00000000a8200000, 0x00000000a8200000|100%| E|CS|TAMS 0x00000000a8100000| PB 0x00000000a8100000| Complete 
|  92|0x00000000a8200000, 0x00000000a8300000, 0x00000000a8300000|100%| E|CS|TAMS 0x00000000a8200000| PB 0x00000000a8200000| Complete 
|  93|0x00000000a8300000, 0x00000000a8400000, 0x00000000a8400000|100%| E|CS|TAMS 0x00000000a8300000| PB 0x00000000a8300000| Complete 

Card table byte_map: [0x0000021e6e1f0000,0x0000021e6e4e0000] _byte_map_base: 0x0000021e6dcdd000

Marking Bits: (CMBitMap*) 0x0000021e62799230
 Bits: [0x0000021e6e4e0000, 0x0000021e6fc48000)

Polling page: 0x0000021e60680000

Metaspace:

Usage:
  Non-class:      7.84 MB used.
      Class:    772.38 KB used.
       Both:      8.59 MB used.

Virtual space:
  Non-class space:       64.00 MB reserved,       7.88 MB ( 12%) committed,  1 nodes.
      Class space:        1.00 GB reserved,     896.00 KB ( <1%) committed,  1 nodes.
             Both:        1.06 GB reserved,       8.75 MB ( <1%) committed. 

Chunk freelists:
   Non-Class:  8.00 MB
       Class:  15.16 MB
        Both:  23.16 MB

MaxMetaspaceSize: unlimited
CompressedClassSpaceSize: 1.00 GB
Initial GC threshold: 21.00 MB
Current GC threshold: 21.00 MB
CDS: off
 - commit_granule_bytes: 65536.
 - commit_granule_words: 8192.
 - virtual_space_node_default_size: 8388608.
 - enlarge_chunks_in_place: 1.
 - use_allocation_guard: 0.


Internal statistics:

num_allocs_failed_limit: 0.
num_arena_births: 74.
num_arena_deaths: 0.
num_vsnodes_births: 2.
num_vsnodes_deaths: 0.
num_space_committed: 140.
num_space_uncommitted: 0.
num_chunks_returned_to_freelist: 0.
num_chunks_taken_from_freelist: 156.
num_chunk_merges: 0.
num_chunk_splits: 77.
num_chunks_enlarged: 20.
num_inconsistent_stats: 0.

CodeCache: size=49152Kb used=3139Kb max_used=3139Kb free=46012Kb
 bounds [0x0000021e6abc0000, 0x0000021e6aee0000, 0x0000021e6dbc0000]
 total_blobs=995 nmethods=578 adapters=340
 compilation: enabled
              stopped_count=0, restarted_count=0
 full_count=0

Compilation events (20 events):
Event: 0.461 Thread 0x0000021e042f0cf0 nmethod 568 0x0000021e6aec9e10 code [0x0000021e6aec9fa0, 0x0000021e6aeca0d0]
Event: 0.461 Thread 0x0000021e04171510 nmethod 567 0x0000021e6aeca210 code [0x0000021e6aeca3e0, 0x0000021e6aeca658]
Event: 0.461 Thread 0x0000021e04171510  569       1       jdk.internal.loader.URLClassPath::getResource (74 bytes)
Event: 0.461 Thread 0x0000021e04171510 nmethod 569 0x0000021e6aeca810 code [0x0000021e6aeca9c0, 0x0000021e6aecab60]
Event: 0.468 Thread 0x0000021e042f0cf0  571   !   1       java.io.WinNTFileSystem::getBooleanAttributes (27 bytes)
Event: 0.468 Thread 0x0000021e042f35d0  570       1       java.io.FileSystem::hasBooleanAttributes (17 bytes)
Event: 0.469 Thread 0x0000021e042f0cf0 nmethod 571 0x0000021e6aecdd10 code [0x0000021e6aecdee0, 0x0000021e6aece068]
Event: 0.469 Thread 0x0000021e042f35d0 nmethod 570 0x0000021e6aece190 code [0x0000021e6aece360, 0x0000021e6aece508]
Event: 0.469 Thread 0x0000021e042f35d0  573       1       java.lang.String::contains (19 bytes)
Event: 0.470 Thread 0x0000021e042f35d0 nmethod 573 0x0000021e6aece690 code [0x0000021e6aece840, 0x0000021e6aece970]
Event: 0.470 Thread 0x0000021e042f35d0  574  s    1       jdk.internal.loader.Resource::cachedInputStream (20 bytes)
Event: 0.470 Thread 0x0000021e042f35d0 nmethod 574 0x0000021e6aecea10 code [0x0000021e6aecebc0, 0x0000021e6aecede0]
Event: 0.471 Thread 0x0000021e042f0cf0  576       1       java.util.ArrayDeque::addLast (51 bytes)
Event: 0.471 Thread 0x0000021e04171510  575       1       java.util.ArrayDeque::add (7 bytes)
Event: 0.471 Thread 0x0000021e042f35d0  577       1       java.security.CodeSource::getCertificates (95 bytes)
Event: 0.471 Thread 0x0000021e04171510 nmethod 575 0x0000021e6aecee90 code [0x0000021e6aecf020, 0x0000021e6aecf110]
Event: 0.471 Thread 0x0000021e042f0cf0 nmethod 576 0x0000021e6aecf190 code [0x0000021e6aecf340, 0x0000021e6aecf5c8]
Event: 0.471 Thread 0x0000021e042f35d0 nmethod 577 0x0000021e6aecf710 code [0x0000021e6aecf920, 0x0000021e6aecfe00]
Event: 0.472 Thread 0x0000021e042f0cf0  578       1       java.util.Map::entry (10 bytes)
Event: 0.472 Thread 0x0000021e042f0cf0 nmethod 578 0x0000021e6aed0010 code [0x0000021e6aed01c0, 0x0000021e6aed04a8]

GC Heap History (0 events):
No events

Dll operation events (5 events):
Event: 0.007 Loaded shared library C:\Program Files\Java\jdk-21\bin\java.dll
Event: 0.218 Loaded shared library C:\Program Files\Java\jdk-21\bin\net.dll
Event: 0.220 Loaded shared library C:\Program Files\Java\jdk-21\bin\nio.dll
Event: 0.232 Loaded shared library C:\Program Files\Java\jdk-21\bin\zip.dll
Event: 0.369 Loaded shared library C:\Program Files\Java\jdk-21\bin\jimage.dll

Deoptimization events (0 events):
No events

Classes loaded (20 events):
Event: 0.465 Loading class java/lang/ClassValue$Identity done
Event: 0.465 Loading class java/lang/ClassValue$Version
Event: 0.465 Loading class java/lang/ClassValue$Version done
Event: 0.465 Loading class java/lang/invoke/VarHandleInts$FieldInstanceReadWrite
Event: 0.466 Loading class java/lang/invoke/VarHandleInts$FieldInstanceReadOnly
Event: 0.466 Loading class java/lang/invoke/VarHandleInts$FieldInstanceReadOnly done
Event: 0.466 Loading class java/lang/invoke/VarHandleInts$FieldInstanceReadWrite done
Event: 0.466 Loading class java/lang/invoke/VarHandleGuards
Event: 0.467 Loading class java/lang/invoke/VarHandleGuards done
Event: 0.467 Loading class java/lang/invoke/VarForm
Event: 0.467 Loading class java/lang/invoke/VarForm done
Event: 0.471 Loading class java/time/temporal/TemporalAccessor
Event: 0.471 Loading class java/time/temporal/TemporalAccessor done
Event: 0.471 Loading class java/time/ZoneId
Event: 0.472 Loading class java/time/ZoneId done
Event: 0.472 Loading class java/util/TimeZone
Event: 0.472 Loading class java/util/TimeZone done
Event: 0.473 Loading class sun/util/calendar/ZoneInfo
Event: 0.474 Loading class sun/util/calendar/ZoneInfo done
Event: 0.474 Loading class sun/util/calendar/ZoneInfoFile

Classes unloaded (0 events):
No events

Classes redefined (0 events):
No events

Internal exceptions (3 events):
Event: 0.420 Thread 0x0000021e604f0710 Exception <a 'java/lang/ClassNotFoundException'{0x00000000a7cb2130}: javax/smartcardio/CardPermission> (0x00000000a7cb2130) 
thrown [s\open\src\hotspot\share\classfile\systemDictionary.cpp, line 312]
Event: 0.426 Thread 0x0000021e604f0710 Exception <a 'java/io/FileNotFoundException'{0x00000000a7cc0970}> (0x00000000a7cc0970) 
thrown [s\open\src\hotspot\share\prims\jni.cpp, line 520]
Event: 0.452 Thread 0x0000021e604f0710 Exception <a 'java/lang/NoSuchMethodError'{0x00000000a7b516a8}: 'java.lang.Object java.lang.invoke.Invokers$Holder.linkToTargetMethod(java.lang.Object, long, java.lang.Object, java.lang.Object)'> (0x00000000a7b516a8) 
thrown [s\open\src\hotspot\share\interpreter\linkResolver.cpp, line 773]

ZGC Phase Switch (0 events):
No events

VM Operations (4 events):
Event: 0.244 Executing VM operation: HandshakeAllThreads (Deoptimize)
Event: 0.244 Executing VM operation: HandshakeAllThreads (Deoptimize) done
Event: 0.375 Executing VM operation: HandshakeAllThreads (Deoptimize)
Event: 0.375 Executing VM operation: HandshakeAllThreads (Deoptimize) done

Events (12 events):
Event: 0.015 Thread 0x0000021e604f0710 Thread added: 0x0000021e604f0710
Event: 0.109 Thread 0x0000021e0417e5a0 Thread added: 0x0000021e0417e5a0
Event: 0.109 Thread 0x0000021e041673b0 Thread added: 0x0000021e041673b0
Event: 0.111 Thread 0x0000021e04174fb0 Thread added: 0x0000021e04174fb0
Event: 0.111 Thread 0x0000021e0416f5f0 Thread added: 0x0000021e0416f5f0
Event: 0.111 Thread 0x0000021e04170050 Thread added: 0x0000021e04170050
Event: 0.111 Thread 0x0000021e04170ab0 Thread added: 0x0000021e04170ab0
Event: 0.111 Thread 0x0000021e04171510 Thread added: 0x0000021e04171510
Event: 0.184 Thread 0x0000021e042f0cf0 Thread added: 0x0000021e042f0cf0
Event: 0.184 Thread 0x0000021e042f35d0 Thread added: 0x0000021e042f35d0
Event: 0.188 Thread 0x0000021e04336190 Thread added: 0x0000021e04336190
Event: 0.197 Thread 0x0000021e04336bd0 Thread added: 0x0000021e04336bd0


Dynamic libraries:
0x00007ff751b30000 - 0x00007ff751b40000 	C:\Program Files\Java\jdk-21\bin\java.exe
0x00007ff804190000 - 0x00007ff8043a7000 	C:\WINDOWS\SYSTEM32\ntdll.dll
0x00007ff802b80000 - 0x00007ff802c44000 	C:\WINDOWS\System32\KERNEL32.DLL
0x00007ff8014b0000 - 0x00007ff80185d000 	C:\WINDOWS\System32\KERNELBASE.dll
0x00007ff801b50000 - 0x00007ff801c61000 	C:\WINDOWS\System32\ucrtbase.dll
0x00007fffedb20000 - 0x00007fffedb3b000 	C:\Program Files\Java\jdk-21\bin\VCRUNTIME140.dll
0x00007fffe4bf0000 - 0x00007fffe4c09000 	C:\Program Files\Java\jdk-21\bin\jli.dll
0x00007ff803fe0000 - 0x00007ff804092000 	C:\WINDOWS\System32\ADVAPI32.dll
0x00007ff8020e0000 - 0x00007ff802187000 	C:\WINDOWS\System32\msvcrt.dll
0x00007ff802ed0000 - 0x00007ff802f79000 	C:\WINDOWS\System32\sechost.dll
0x00007ff801980000 - 0x00007ff8019a8000 	C:\WINDOWS\System32\bcrypt.dll
0x00007ff802a00000 - 0x00007ff802b14000 	C:\WINDOWS\System32\RPCRT4.dll
0x00007ff803690000 - 0x00007ff80383e000 	C:\WINDOWS\System32\USER32.dll
0x00007ff801b20000 - 0x00007ff801b46000 	C:\WINDOWS\System32\win32u.dll
0x00007fffea4d0000 - 0x00007fffea763000 	C:\WINDOWS\WinSxS\amd64_microsoft.windows.common-controls_6595b64144ccf1df_6.0.22621.3672_none_2713b9d173822955\COMCTL32.dll
0x00007ff802e80000 - 0x00007ff802ea9000 	C:\WINDOWS\System32\GDI32.dll
0x00007ff801c70000 - 0x00007ff801d89000 	C:\WINDOWS\System32\gdi32full.dll
0x00007ff8018e0000 - 0x00007ff80197a000 	C:\WINDOWS\System32\msvcp_win.dll
0x00007ffff98e0000 - 0x00007ffff98ea000 	C:\WINDOWS\SYSTEM32\VERSION.dll
0x00007ff803010000 - 0x00007ff803041000 	C:\WINDOWS\System32\IMM32.DLL
0x00007fffe4be0000 - 0x00007fffe4bec000 	C:\Program Files\Java\jdk-21\bin\vcruntime140_1.dll
0x00007fffcab00000 - 0x00007fffcab8e000 	C:\Program Files\Java\jdk-21\bin\msvcp140.dll
0x00007fff50be0000 - 0x00007fff518f3000 	C:\Program Files\Java\jdk-21\bin\server\jvm.dll
0x00007ff803cd0000 - 0x00007ff803d41000 	C:\WINDOWS\System32\WS2_32.dll
0x00007ff801380000 - 0x00007ff8013cd000 	C:\WINDOWS\SYSTEM32\POWRPROF.dll
0x00007ffffbe70000 - 0x00007ffffbea4000 	C:\WINDOWS\SYSTEM32\WINMM.dll
0x00007ff801360000 - 0x00007ff801373000 	C:\WINDOWS\SYSTEM32\UMPDC.dll
0x00007ff8004a0000 - 0x00007ff8004b8000 	C:\WINDOWS\SYSTEM32\kernel.appcore.dll
0x00007fffe4bd0000 - 0x00007fffe4bda000 	C:\Program Files\Java\jdk-21\bin\jimage.dll
0x00007ffffaf40000 - 0x00007ffffb172000 	C:\WINDOWS\SYSTEM32\DBGHELP.DLL
0x00007ff803840000 - 0x00007ff803bce000 	C:\WINDOWS\System32\combase.dll
0x00007ff802c50000 - 0x00007ff802d27000 	C:\WINDOWS\System32\OLEAUT32.dll
0x00007ffff9f30000 - 0x00007ffff9f62000 	C:\WINDOWS\SYSTEM32\dbgcore.DLL
0x00007ff801860000 - 0x00007ff8018db000 	C:\WINDOWS\System32\bcryptPrimitives.dll
0x00007fffc4c00000 - 0x00007fffc4c1f000 	C:\Program Files\Java\jdk-21\bin\java.dll
0x00007ff802190000 - 0x00007ff8029f7000 	C:\WINDOWS\System32\SHELL32.dll
0x00007fffff420000 - 0x00007fffffd1f000 	C:\WINDOWS\SYSTEM32\windows.storage.dll
0x00007fffff2e0000 - 0x00007fffff41f000 	C:\WINDOWS\SYSTEM32\wintypes.dll
0x00007ff803bd0000 - 0x00007ff803cc9000 	C:\WINDOWS\System32\SHCORE.dll
0x00007ff8040f0000 - 0x00007ff80414e000 	C:\WINDOWS\System32\shlwapi.dll
0x00007ff8013e0000 - 0x00007ff801407000 	C:\WINDOWS\SYSTEM32\profapi.dll
0x00007fffe3bd0000 - 0x00007fffe3be0000 	C:\Program Files\Java\jdk-21\bin\net.dll
0x00007ffffc4b0000 - 0x00007ffffc5e6000 	C:\WINDOWS\SYSTEM32\WINHTTP.dll
0x00007ff800970000 - 0x00007ff8009d9000 	C:\WINDOWS\system32\mswsock.dll
0x00007fffb50d0000 - 0x00007fffb50e6000 	C:\Program Files\Java\jdk-21\bin\nio.dll
0x00007fffb4390000 - 0x00007fffb43a8000 	C:\Program Files\Java\jdk-21\bin\zip.dll

dbghelp: loaded successfully - version: 4.0.5 - missing functions: none
symbol engine: initialized successfully - sym options: 0x614 - pdb path: .;C:\Program Files\Java\jdk-21\bin;C:\WINDOWS\SYSTEM32;C:\WINDOWS\WinSxS\amd64_microsoft.windows.common-controls_6595b64144ccf1df_6.0.22621.3672_none_2713b9d173822955;C:\Program Files\Java\jdk-21\bin\server

VM Arguments:
jvm_args: -XX:TieredStopAtLevel=1 
java_command: dw.pagamento.PagamentoApplication
java_class_path (initial): C:\Users\ricar\OneDrive\Documentos\aula-desenvolvimento-web\pagamento funfando\pagamento\target\classes;C:\Users\ricar\.m2\repository\org\springframework\spring-aop\6.1.12\spring-aop-6.1.12.jar;C:\Users\ricar\.m2\repository\org\aspectj\aspectjweaver\1.9.22.1\aspectjweaver-1.9.22.1.jar;C:\Users\ricar\.m2\repository\com\zaxxer\HikariCP\5.1.0\HikariCP-5.1.0.jar;C:\Users\ricar\.m2\repository\org\springframework\spring-jdbc\6.1.12\spring-jdbc-6.1.12.jar;C:\Users\ricar\.m2\repository\org\hibernate\orm\hibernate-core\6.5.2.Final\hibernate-core-6.5.2.Final.jar;C:\Users\ricar\.m2\repository\jakarta\persistence\jakarta.persistence-api\3.1.0\jakarta.persistence-api-3.1.0.jar;C:\Users\ricar\.m2\repository\jakarta\transaction\jakarta.transaction-api\2.0.1\jakarta.transaction-api-2.0.1.jar;C:\Users\ricar\.m2\repository\org\jboss\logging\jboss-logging\3.5.3.Final\jboss-logging-3.5.3.Final.jar;C:\Users\ricar\.m2\repository\org\hibernate\common\hibernate-commons-annotations\6.0.6.Final\hibernate-commons-annotations-6.0.6.Final.jar;C:\Users\ricar\.m2\repository\io\smallrye\jandex\3.1.2\jandex-3.1.2.jar;C:\Users\ricar\.m2\repository\com\fasterxml\classmate\1.7.0\classmate-1.7.0.jar;C:\Users\ricar\.m2\repository\net\bytebuddy\byte-buddy\1.14.19\byte-buddy-1.14.19.jar;C:\Users\ricar\.m2\repository\org\glassfish\jaxb\jaxb-runtime\4.0.5\jaxb-runtime-4.0.5.jar;C:\Users\ricar\.m2\repository\org\glassfish\jaxb\jaxb-core\4.0.5\jaxb-core-4.0.5.jar;C:\Users\ricar\.m2\repository\org\eclipse\angus\angus-activation\2.0.2\angus-activation-2.0.2.jar;C:\Users\ricar\.m2\repository\org\glassfish\jaxb\txw2\4.0.5\txw2-4.0.5.jar;C:\Users\ricar\.m2\repository\com\sun\istack\istack-commons-runtime\4.1.2\istack-commons-runtime-4.1.2.jar;C:\Users\ricar\.m2\repository\jakarta\inject\jakarta.inject-api\2.0.1\jakarta.inject-api-2.0.1.jar;C:\Users\ricar\.m2\repository\org\antlr\antlr4-runtime\4.13.0\antlr4-runtime-4.13.0.jar;C:\Users\ricar\.m2\repository\org\springframework\data\spring-data-jpa\3.3.3\spring-data-jpa-3.3.3.jar;C:\Users\ricar\.m2\repository\org\springframework\data\spring-data-commons\3.3.3\spring-data-commons-3.3.3.jar;C:\Users\ricar\.m2\repository\org\springframework\spring-orm\6.1.12\spring-orm-6.1.12.jar;C:\Users\ricar\.m2\repository\org\springframework\spring-context\6.1.12\spring-context-6.1.12.jar;C:\Users\ricar\.m2\repository\org\springframework\spring-tx\6.1.12\spring-tx-6.1.12.jar;C:\Users\ricar\.m2\repository\org\springframework\spring-beans\6.1.12\spring-beans-6.1.12.jar;C:\Users\ricar\.m2\repository\jakarta\annotation\jakarta.annotation-api\2.1.1\jakarta.annotation-api-2.1.1.jar;C:\Users\ricar\.m2\repository\org\slf4j\slf4j-api\2.0.16\slf4j-api-2.0.16.jar;C:\Users\ricar\.m2\repository\org\springframework\spring-aspects\6.1.12\spring-aspects-6.1.12.jar;C:\Users\ricar\.m2\repository\ch\qos\logback\logback-classic\1.5.7\logback-classic-1.5.7.jar;C:\Users\ricar\.m2\repository\ch\qos\logback\logback-core\1.5.7\logback-core-1.5.7.jar;C:\Users\ricar\.m2\repository\org\apache\logging\log4j\log4j-to-slf4j\2.23.1\log4j-to-slf4j-2.23.1.jar;C:\Users\ricar\.m2\repository\org\apache\logging\log4j\log4j-api\2.23.1\log4j-api-2.23.1.jar;C:\Users\ricar\.m2\repository\org\slf4j\jul-to-slf4j\2.0.16\jul-to-slf4j-2.0.16.jar;C:\Users\ricar\.m2\repository\org\yaml\snakeyaml\2.2\snakeyaml-2.2.jar;C:\Users\ricar\.m2\repository\com\fasterxml\jackson\core\jackson-databind\2.17.2\jackson-databind-2.17.2.jar;C:\Users\ricar\.m2\repository\com\fasterxml\jackson\core\jackson-annotations\2.17.2\jackson-annotations-2.17.2.jar;C:\Users\ricar\.m2\repository\com\fasterxml\jackson\core\jackson-core\2.17.2\jackson-core-2.17.2.jar;C:\Users\ricar\.m2\repository\com\fasterxml\jackson\datatype\jackson-datatype-jdk8\2.17.2\jackson-datatype-jdk8-2.17.2.jar;C:\Users\ricar\.m2\repository\com\fasterxml\jackson\datatype\jackson-datatype-jsr310\2.17.2\jackson-datatype-jsr310-2.17.2.jar;C:\Users\ricar\.m2\repository\com\fasterxml\jackson\module\jackson-module-parameter-names\2.17.2\jackson-module-parameter-names-2.17.2.jar;C:\Users\ricar\.m2\repository\org\apache\tomcat\embed\tomcat-embed-core\10.1.28\tomcat-embed-core-10.1.28.jar;C:\Users\ricar\.m2\repository\org\apache\tomcat\embed\tomcat-embed-el\10.1.28\tomcat-embed-el-10.1.28.jar;C:\Users\ricar\.m2\repository\org\apache\tomcat\embed\tomcat-embed-websocket\10.1.28\tomcat-embed-websocket-10.1.28.jar;C:\Users\ricar\.m2\repository\org\springframework\spring-web\6.1.12\spring-web-6.1.12.jar;C:\Users\ricar\.m2\repository\io\micrometer\micrometer-observation\1.13.3\micrometer-observation-1.13.3.jar;C:\Users\ricar\.m2\repository\io\micrometer\micrometer-commons\1.13.3\micrometer-commons-1.13.3.jar;C:\Users\ricar\.m2\repository\org\springframework\spring-webmvc\6.1.12\spring-webmvc-6.1.12.jar;C:\Users\ricar\.m2\repository\org\springframework\spring-expression\6.1.12\spring-expression-6.1.12.jar;C:\Users\ricar\.m2\repository\org\springframework\boot\spring-boot-devtools\3.3.3\spring-boot-devtools-3.3.3.jar;C:\Users\ricar\.m2\repository\org\springframework\boot\spring-boot\3.3.3\spring-boot-3.3.3.jar;C:\Users\ricar\.m2\repository\org\springframework\boot\spring-boot-autoconfigure\3.3.3\spring-boot-autoconfigure-3.3.3.jar;C:\Users\ricar\.m2\repository\org\postgresql\postgresql\42.7.3\postgresql-42.7.3.jar;C:\Users\ricar\.m2\repository\org\checkerframework\checker-qual\3.42.0\checker-qual-3.42.0.jar;C:\Users\ricar\.m2\repository\jakarta\xml\bind\jakarta.xml.bind-api\4.0.2\jakarta.xml.bind-api-4.0.2.jar;C:\Users\ricar\.m2\repository\jakarta\activation\jakarta.activation-api\2.1.3\jakarta.activation-api-2.1.3.jar;C:\Users\ricar\.m2\repository\org\springframework\spring-core\6.1.12\spring-core-6.1.12.jar;C:\Users\ricar\.m2\repository\org\springframework\spring-jcl\6.1.12\spring-jcl-6.1.12.jar
Launcher Type: SUN_STANDARD

[Global flags]
     intx CICompilerCount                          = 4                                         {product} {ergonomic}
     uint ConcGCThreads                            = 3                                         {product} {ergonomic}
     uint G1ConcRefinementThreads                  = 10                                        {product} {ergonomic}
   size_t G1HeapRegionSize                         = 1048576                                   {product} {ergonomic}
    uintx GCDrainStackTargetSize                   = 64                                        {product} {ergonomic}
   size_t InitialHeapSize                          = 98566144                                  {product} {ergonomic}
   size_t MarkStackSize                            = 4194304                                   {product} {ergonomic}
   size_t MaxHeapSize                              = 1570766848                                {product} {ergonomic}
   size_t MaxNewSize                               = 941621248                                 {product} {ergonomic}
   size_t MinHeapDeltaBytes                        = 1048576                                   {product} {ergonomic}
   size_t MinHeapSize                              = 8388608                                   {product} {ergonomic}
    uintx NonNMethodCodeHeapSize                   = 4096                                   {pd product} {ergonomic}
    uintx NonProfiledCodeHeapSize                  = 0                                      {pd product} {ergonomic}
     bool ProfileInterpreter                       = false                                  {pd product} {command line}
    uintx ProfiledCodeHeapSize                     = 0                                      {pd product} {ergonomic}
   size_t SoftMaxHeapSize                          = 1570766848                             {manageable} {ergonomic}
     intx TieredStopAtLevel                        = 1                                         {product} {command line}
     bool UseCompressedOops                        = true                           {product lp64_product} {ergonomic}
     bool UseG1GC                                  = true                                      {product} {ergonomic}
     bool UseLargePagesIndividualAllocation        = false                                  {pd product} {ergonomic}

Logging:
Log output configuration:
 #0: stdout all=warning uptime,level,tags foldmultilines=false
 #1: stderr all=off uptime,level,tags foldmultilines=false

Environment Variables:
PATH=C:\Program Files\Common Files\Oracle\Java\javapath;C:\Program Files (x86)\Common Files\Oracle\Java\javapath;C:\WINDOWS\system32;C:\WINDOWS;C:\WINDOWS\System32\Wbem;C:\WINDOWS\System32\WindowsPowerShell\v1.0\;C:\WINDOWS\System32\OpenSSH\;C:\Program Files\dotnet\;C:\Program Files (x86)\Windows Kits\10\Windows Performance Toolkit\;C:\Program Files\Maven\apache-maven-3.9.9\bin;C:\Users\ricar\AppData\Local\Programs\Python\Python311\Scripts\;C:\Users\ricar\AppData\Local\Programs\Python\Python311\;C:\Users\ricar\AppData\Local\Microsoft\WindowsApps;C:\Users\ricar\AppData\Local\Programs\Microsoft VS Code\bin
USERNAME=Ricardo Filho
LANG=en_US.UTF-8
OS=Windows_NT
PROCESSOR_IDENTIFIER=AMD64 Family 23 Model 104 Stepping 1, AuthenticAMD
TMP=C:\Users\ricar\AppData\Local\Temp
TEMP=C:\Users\ricar\AppData\Local\Temp




Periodic native trim disabled

---------------  S Y S T E M  ---------------

OS:
 Windows 11 , 64 bit Build 22621 (10.0.22621.3958)
OS uptime: 10 days 16:55 hours

CPU: total 12 (initial active 12) (12 cores per cpu, 2 threads per core) family 23 model 104 stepping 1 microcode 0x0, cx8, cmov, fxsr, ht, mmx, 3dnowpref, sse, sse2, sse3, ssse3, sse4a, sse4.1, sse4.2, popcnt, lzcnt, tsc, tscinvbit, avx, avx2, aes, clmul, bmi1, bmi2, adx, sha, fma, vzeroupper, clflush, clflushopt, rdtscp, rdpid, f16c
Processor Information for processor 0
  Max Mhz: 2100, Current Mhz: 1988, Mhz Limit: 2100
Processor Information for processor 1
  Max Mhz: 2100, Current Mhz: 1988, Mhz Limit: 2100
Processor Information for processor 2
  Max Mhz: 2100, Current Mhz: 1988, Mhz Limit: 2100
Processor Information for processor 3
  Max Mhz: 2100, Current Mhz: 1988, Mhz Limit: 2100
Processor Information for processor 4
  Max Mhz: 2100, Current Mhz: 1988, Mhz Limit: 2100
Processor Information for processor 5
  Max Mhz: 2100, Current Mhz: 1988, Mhz Limit: 2100
Processor Information for processor 6
  Max Mhz: 2100, Current Mhz: 2100, Mhz Limit: 2100
Processor Information for processor 7
  Max Mhz: 2100, Current Mhz: 1988, Mhz Limit: 2100
Processor Information for processor 8
  Max Mhz: 2100, Current Mhz: 1988, Mhz Limit: 2100
Processor Information for processor 9
  Max Mhz: 2100, Current Mhz: 2100, Mhz Limit: 2100
Processor Information for processor 10
  Max Mhz: 2100, Current Mhz: 2100, Mhz Limit: 2100
Processor Information for processor 11
  Max Mhz: 2100, Current Mhz: 1988, Mhz Limit: 2100

Memory: 4k page, system-wide physical 5989M (475M free)
TotalPageFile size 24421M (AvailPageFile size 0M)
current process WorkingSet (physical memory assigned to process): 44M, peak: 44M
current process commit charge ("private bytes"): 175M, peak: 175M

vm_info: Java HotSpot(TM) 64-Bit Server VM (21.0.4+8-LTS-274) for windows-amd64 JRE (21.0.4+8-LTS-274), built on 2024-06-05T05:23:33Z by "mach5one" with MS VC++ 17.6 (VS2022)

END.
